{"/Users/jamythluk/Desktop/Work/project/util/src/index.ts": {"path":"/Users/jamythluk/Desktop/Work/project/util/src/index.ts","statementMap":{"0":{"start":{"line":1,"column":0},"end":{"line":1,"column":33}},"1":{"start":{"line":2,"column":0},"end":{"line":2,"column":32}},"2":{"start":{"line":3,"column":0},"end":{"line":3,"column":45}},"3":{"start":{"line":4,"column":0},"end":{"line":4,"column":32}},"4":{"start":{"line":5,"column":0},"end":{"line":5,"column":33}},"5":{"start":{"line":6,"column":0},"end":{"line":6,"column":32}},"6":{"start":{"line":7,"column":0},"end":{"line":7,"column":35}},"7":{"start":{"line":8,"column":0},"end":{"line":8,"column":34}},"8":{"start":{"line":9,"column":0},"end":{"line":9,"column":34}},"9":{"start":{"line":10,"column":0},"end":{"line":10,"column":35}},"10":{"start":{"line":11,"column":0},"end":{"line":11,"column":34}},"11":{"start":{"line":12,"column":0},"end":{"line":12,"column":33}},"12":{"start":{"line":13,"column":0},"end":{"line":13,"column":32}},"13":{"start":{"line":14,"column":0},"end":{"line":14,"column":31}},"14":{"start":{"line":15,"column":0},"end":{"line":15,"column":41}},"15":{"start":{"line":16,"column":0},"end":{"line":16,"column":33}},"16":{"start":{"line":17,"column":0},"end":{"line":17,"column":37}},"17":{"start":{"line":18,"column":0},"end":{"line":18,"column":33}},"18":{"start":{"line":19,"column":0},"end":{"line":19,"column":31}},"19":{"start":{"line":20,"column":0},"end":{"line":20,"column":32}},"20":{"start":{"line":21,"column":0},"end":{"line":21,"column":42}},"21":{"start":{"line":22,"column":0},"end":{"line":22,"column":39}},"22":{"start":{"line":23,"column":0},"end":{"line":23,"column":36}},"23":{"start":{"line":24,"column":0},"end":{"line":24,"column":43}},"24":{"start":{"line":25,"column":0},"end":{"line":25,"column":45}},"25":{"start":{"line":26,"column":0},"end":{"line":26,"column":23}}},"fnMap":{},"branchMap":{},"s":{"0":1,"1":1,"2":1,"3":1,"4":1,"5":1,"6":1,"7":1,"8":1,"9":1,"10":1,"11":1,"12":1,"13":1,"14":1,"15":1,"16":1,"17":1,"18":1,"19":1,"20":1,"21":1,"22":1,"23":1,"24":1,"25":1},"f":{},"b":{}}
,"/Users/jamythluk/Desktop/Work/project/util/src/core/ArrayUtil.ts": {"path":"/Users/jamythluk/Desktop/Work/project/util/src/core/ArrayUtil.ts","statementMap":{"0":{"start":{"line":2,"column":4},"end":{"line":2,"column":88}},"1":{"start":{"line":2,"column":57},"end":{"line":2,"column":83}},"2":{"start":{"line":6,"column":14},"end":{"line":6,"column":15}},"3":{"start":{"line":7,"column":4},"end":{"line":7,"column":62}},"4":{"start":{"line":7,"column":26},"end":{"line":7,"column":59}},"5":{"start":{"line":8,"column":4},"end":{"line":8,"column":15}},"6":{"start":{"line":16,"column":18},"end":{"line":16,"column":40}},"7":{"start":{"line":17,"column":4},"end":{"line":23,"column":null}},"8":{"start":{"line":18,"column":28},"end":{"line":18,"column":38}},"9":{"start":{"line":19,"column":8},"end":{"line":19,"column":37}},"10":{"start":{"line":20,"column":8},"end":{"line":20,"column":27}},"11":{"start":{"line":22,"column":8},"end":{"line":22,"column":35}},"12":{"start":{"line":27,"column":4},"end":{"line":29,"column":null}},"13":{"start":{"line":28,"column":8},"end":{"line":28,"column":21}},"14":{"start":{"line":31,"column":4},"end":{"line":35,"column":null}},"15":{"start":{"line":32,"column":8},"end":{"line":32,"column":53}},"16":{"start":{"line":32,"column":37},"end":{"line":32,"column":51}},"17":{"start":{"line":34,"column":8},"end":{"line":34,"column":78}},"18":{"start":{"line":34,"column":30},"end":{"line":34,"column":43}},"19":{"start":{"line":34,"column":63},"end":{"line":34,"column":76}},"20":{"start":{"line":44,"column":32},"end":{"line":44,"column":92}},"21":{"start":{"line":44,"column":69},"end":{"line":44,"column":87}},"22":{"start":{"line":45,"column":31},"end":{"line":45,"column":64}},"23":{"start":{"line":47,"column":4},"end":{"line":65,"column":null}},"24":{"start":{"line":48,"column":8},"end":{"line":62,"column":11}},"25":{"start":{"line":49,"column":27},"end":{"line":49,"column":56}},"26":{"start":{"line":50,"column":27},"end":{"line":50,"column":56}},"27":{"start":{"line":51,"column":12},"end":{"line":61,"column":null}},"28":{"start":{"line":52,"column":16},"end":{"line":52,"column":25}},"29":{"start":{"line":53,"column":19},"end":{"line":61,"column":null}},"30":{"start":{"line":55,"column":16},"end":{"line":55,"column":25}},"31":{"start":{"line":56,"column":19},"end":{"line":61,"column":null}},"32":{"start":{"line":58,"column":16},"end":{"line":58,"column":26}},"33":{"start":{"line":60,"column":16},"end":{"line":60,"column":39}},"34":{"start":{"line":64,"column":8},"end":{"line":64,"column":28}},"35":{"start":{"line":78,"column":32},"end":{"line":78,"column":92}},"36":{"start":{"line":78,"column":69},"end":{"line":78,"column":87}},"37":{"start":{"line":79,"column":31},"end":{"line":79,"column":64}},"38":{"start":{"line":81,"column":4},"end":{"line":99,"column":null}},"39":{"start":{"line":82,"column":8},"end":{"line":96,"column":11}},"40":{"start":{"line":83,"column":27},"end":{"line":83,"column":76}},"41":{"start":{"line":83,"column":63},"end":{"line":83,"column":75}},"42":{"start":{"line":84,"column":27},"end":{"line":84,"column":76}},"43":{"start":{"line":84,"column":63},"end":{"line":84,"column":75}},"44":{"start":{"line":85,"column":12},"end":{"line":95,"column":null}},"45":{"start":{"line":86,"column":16},"end":{"line":86,"column":25}},"46":{"start":{"line":87,"column":19},"end":{"line":95,"column":null}},"47":{"start":{"line":89,"column":16},"end":{"line":89,"column":25}},"48":{"start":{"line":90,"column":19},"end":{"line":95,"column":null}},"49":{"start":{"line":92,"column":16},"end":{"line":92,"column":26}},"50":{"start":{"line":94,"column":16},"end":{"line":94,"column":39}},"51":{"start":{"line":98,"column":8},"end":{"line":98,"column":28}},"52":{"start":{"line":104,"column":4},"end":{"line":121,"column":null}},"53":{"start":{"line":105,"column":21},"end":{"line":105,"column":32}},"54":{"start":{"line":106,"column":8},"end":{"line":108,"column":null}},"55":{"start":{"line":107,"column":12},"end":{"line":107,"column":98}},"56":{"start":{"line":109,"column":8},"end":{"line":109,"column":65}},"57":{"start":{"line":111,"column":8},"end":{"line":111,"column":28}},"58":{"start":{"line":112,"column":27},"end":{"line":112,"column":43}},"59":{"start":{"line":113,"column":8},"end":{"line":117,"column":null}},"60":{"start":{"line":114,"column":12},"end":{"line":116,"column":14}},"61":{"start":{"line":118,"column":8},"end":{"line":120,"column":null}},"62":{"start":{"line":118,"column":36},"end":{"line":118,"column":68}},"63":{"start":{"line":119,"column":12},"end":{"line":119,"column":100}},"64":{"start":{"line":122,"column":26},"end":{"line":122,"column":28}},"65":{"start":{"line":123,"column":17},"end":{"line":123,"column":18}},"66":{"start":{"line":124,"column":4},"end":{"line":127,"column":7}},"67":{"start":{"line":125,"column":8},"end":{"line":125,"column":56}},"68":{"start":{"line":126,"column":8},"end":{"line":126,"column":23}},"69":{"start":{"line":128,"column":4},"end":{"line":128,"column":18}},"70":{"start":{"line":132,"column":24},"end":{"line":132,"column":26}},"71":{"start":{"line":133,"column":4},"end":{"line":135,"column":null}},"72":{"start":{"line":133,"column":17},"end":{"line":133,"column":18}},"73":{"start":{"line":134,"column":8},"end":{"line":134,"column":106}},"74":{"start":{"line":136,"column":4},"end":{"line":136,"column":18}},"75":{"start":{"line":143,"column":41},"end":{"line":143,"column":43}},"76":{"start":{"line":144,"column":4},"end":{"line":147,"column":7}},"77":{"start":{"line":145,"column":25},"end":{"line":145,"column":52}},"78":{"start":{"line":146,"column":8},"end":{"line":146,"column":42}},"79":{"start":{"line":148,"column":4},"end":{"line":148,"column":18}},"80":{"start":{"line":152,"column":4},"end":{"line":152,"column":40}},"81":{"start":{"line":152,"column":25},"end":{"line":152,"column":38}},"82":{"start":{"line":161,"column":4},"end":{"line":165,"column":30}},"83":{"start":{"line":164,"column":19},"end":{"line":164,"column":95}},"84":{"start":{"line":169,"column":29},"end":{"line":169,"column":31}},"85":{"start":{"line":170,"column":4},"end":{"line":172,"column":null}},"86":{"start":{"line":170,"column":17},"end":{"line":170,"column":26}},"87":{"start":{"line":171,"column":8},"end":{"line":171,"column":23}},"88":{"start":{"line":173,"column":4},"end":{"line":173,"column":18}},"89":{"start":{"line":176,"column":13},"end":{"line":189,"column":3}}},"fnMap":{"0":{"name":"sum","decl":{"start":{"line":1,"column":9},"end":{"line":1,"column":12}},"loc":{"start":{"line":1,"column":39},"end":{"line":3,"column":1}}},"1":{"name":"(anonymous_1)","decl":{"start":{"line":2,"column":26},"end":{"line":2,"column":27}},"loc":{"start":{"line":2,"column":57},"end":{"line":2,"column":83}}},"2":{"name":"sumByKey","decl":{"start":{"line":5,"column":9},"end":{"line":5,"column":17}},"loc":{"start":{"line":5,"column":54},"end":{"line":9,"column":1}}},"3":{"name":"(anonymous_3)","decl":{"start":{"line":7,"column":18},"end":{"line":7,"column":19}},"loc":{"start":{"line":7,"column":26},"end":{"line":7,"column":59}}},"4":{"name":"toggleElement","decl":{"start":{"line":15,"column":9},"end":{"line":15,"column":22}},"loc":{"start":{"line":15,"column":57},"end":{"line":24,"column":1}}},"5":{"name":"areSame","decl":{"start":{"line":26,"column":9},"end":{"line":26,"column":16}},"loc":{"start":{"line":26,"column":78},"end":{"line":36,"column":1}}},"6":{"name":"(anonymous_6)","decl":{"start":{"line":32,"column":23},"end":{"line":32,"column":24}},"loc":{"start":{"line":32,"column":37},"end":{"line":32,"column":51}}},"7":{"name":"(anonymous_7)","decl":{"start":{"line":34,"column":23},"end":{"line":34,"column":24}},"loc":{"start":{"line":34,"column":30},"end":{"line":34,"column":43}}},"8":{"name":"(anonymous_8)","decl":{"start":{"line":34,"column":56},"end":{"line":34,"column":57}},"loc":{"start":{"line":34,"column":63},"end":{"line":34,"column":76}}},"9":{"name":"sortBy","decl":{"start":{"line":43,"column":9},"end":{"line":43,"column":15}},"loc":{"start":{"line":43,"column":74},"end":{"line":66,"column":1}}},"10":{"name":"(anonymous_10)","decl":{"start":{"line":44,"column":53},"end":{"line":44,"column":54}},"loc":{"start":{"line":44,"column":69},"end":{"line":44,"column":87}}},"11":{"name":"(anonymous_11)","decl":{"start":{"line":48,"column":31},"end":{"line":48,"column":32}},"loc":{"start":{"line":48,"column":40},"end":{"line":62,"column":9}}},"12":{"name":"sortByKey","decl":{"start":{"line":73,"column":9},"end":{"line":73,"column":18}},"loc":{"start":{"line":76,"column":41},"end":{"line":100,"column":1}}},"13":{"name":"(anonymous_13)","decl":{"start":{"line":78,"column":53},"end":{"line":78,"column":54}},"loc":{"start":{"line":78,"column":69},"end":{"line":78,"column":87}}},"14":{"name":"(anonymous_14)","decl":{"start":{"line":82,"column":31},"end":{"line":82,"column":32}},"loc":{"start":{"line":82,"column":40},"end":{"line":96,"column":9}}},"15":{"name":"(anonymous_15)","decl":{"start":{"line":83,"column":56},"end":{"line":83,"column":57}},"loc":{"start":{"line":83,"column":63},"end":{"line":83,"column":75}}},"16":{"name":"(anonymous_16)","decl":{"start":{"line":84,"column":56},"end":{"line":84,"column":57}},"loc":{"start":{"line":84,"column":63},"end":{"line":84,"column":75}}},"17":{"name":"chunk","decl":{"start":{"line":102,"column":9},"end":{"line":102,"column":14}},"loc":{"start":{"line":102,"column":78},"end":{"line":129,"column":1}}},"18":{"name":"(anonymous_18)","decl":{"start":{"line":118,"column":29},"end":{"line":118,"column":30}},"loc":{"start":{"line":118,"column":36},"end":{"line":118,"column":68}}},"19":{"name":"(anonymous_19)","decl":{"start":{"line":124,"column":18},"end":{"line":124,"column":19}},"loc":{"start":{"line":124,"column":27},"end":{"line":127,"column":5}}},"20":{"name":"generate","decl":{"start":{"line":131,"column":9},"end":{"line":131,"column":17}},"loc":{"start":{"line":131,"column":74},"end":{"line":137,"column":1}}},"21":{"name":"toObject","decl":{"start":{"line":139,"column":9},"end":{"line":139,"column":17}},"loc":{"start":{"line":141,"column":59},"end":{"line":149,"column":1}}},"22":{"name":"(anonymous_22)","decl":{"start":{"line":144,"column":18},"end":{"line":144,"column":19}},"loc":{"start":{"line":144,"column":34},"end":{"line":147,"column":5}}},"23":{"name":"hasIntersection","decl":{"start":{"line":151,"column":9},"end":{"line":151,"column":24}},"loc":{"start":{"line":151,"column":60},"end":{"line":153,"column":1}}},"24":{"name":"(anonymous_24)","decl":{"start":{"line":152,"column":18},"end":{"line":152,"column":19}},"loc":{"start":{"line":152,"column":25},"end":{"line":152,"column":38}}},"25":{"name":"compactMap","decl":{"start":{"line":160,"column":9},"end":{"line":160,"column":19}},"loc":{"start":{"line":160,"column":86},"end":{"line":166,"column":1}}},"26":{"name":"(anonymous_26)","decl":{"start":{"line":164,"column":12},"end":{"line":164,"column":13}},"loc":{"start":{"line":164,"column":19},"end":{"line":164,"column":95}}},"27":{"name":"range","decl":{"start":{"line":168,"column":9},"end":{"line":168,"column":14}},"loc":{"start":{"line":168,"column":50},"end":{"line":174,"column":1}}}},"branchMap":{"0":{"loc":{"start":{"line":7,"column":39},"end":{"line":7,"column":58}},"type":"binary-expr","locations":[{"start":{"line":7,"column":39},"end":{"line":7,"column":53}},{"start":{"line":7,"column":57},"end":{"line":7,"column":58}}]},"1":{"loc":{"start":{"line":17,"column":4},"end":{"line":23,"column":null}},"type":"if","locations":[{"start":{"line":17,"column":4},"end":{"line":23,"column":null}},{"start":{"line":21,"column":11},"end":{"line":23,"column":null}}]},"2":{"loc":{"start":{"line":27,"column":4},"end":{"line":29,"column":null}},"type":"if","locations":[{"start":{"line":27,"column":4},"end":{"line":29,"column":null}}]},"3":{"loc":{"start":{"line":31,"column":4},"end":{"line":35,"column":null}},"type":"if","locations":[{"start":{"line":31,"column":4},"end":{"line":35,"column":null}},{"start":{"line":33,"column":11},"end":{"line":35,"column":null}}]},"4":{"loc":{"start":{"line":34,"column":15},"end":{"line":34,"column":77}},"type":"binary-expr","locations":[{"start":{"line":34,"column":15},"end":{"line":34,"column":44}},{"start":{"line":34,"column":48},"end":{"line":34,"column":77}}]},"5":{"loc":{"start":{"line":47,"column":4},"end":{"line":65,"column":null}},"type":"if","locations":[{"start":{"line":47,"column":4},"end":{"line":65,"column":null}},{"start":{"line":63,"column":11},"end":{"line":65,"column":null}}]},"6":{"loc":{"start":{"line":51,"column":12},"end":{"line":61,"column":null}},"type":"if","locations":[{"start":{"line":51,"column":12},"end":{"line":61,"column":null}},{"start":{"line":53,"column":19},"end":{"line":61,"column":null}}]},"7":{"loc":{"start":{"line":51,"column":16},"end":{"line":51,"column":40}},"type":"binary-expr","locations":[{"start":{"line":51,"column":16},"end":{"line":51,"column":26}},{"start":{"line":51,"column":30},"end":{"line":51,"column":40}}]},"8":{"loc":{"start":{"line":53,"column":19},"end":{"line":61,"column":null}},"type":"if","locations":[{"start":{"line":53,"column":19},"end":{"line":61,"column":null}},{"start":{"line":56,"column":19},"end":{"line":61,"column":null}}]},"9":{"loc":{"start":{"line":56,"column":19},"end":{"line":61,"column":null}},"type":"if","locations":[{"start":{"line":56,"column":19},"end":{"line":61,"column":null}},{"start":{"line":59,"column":19},"end":{"line":61,"column":null}}]},"10":{"loc":{"start":{"line":81,"column":4},"end":{"line":99,"column":null}},"type":"if","locations":[{"start":{"line":81,"column":4},"end":{"line":99,"column":null}},{"start":{"line":97,"column":11},"end":{"line":99,"column":null}}]},"11":{"loc":{"start":{"line":85,"column":12},"end":{"line":95,"column":null}},"type":"if","locations":[{"start":{"line":85,"column":12},"end":{"line":95,"column":null}},{"start":{"line":87,"column":19},"end":{"line":95,"column":null}}]},"12":{"loc":{"start":{"line":85,"column":16},"end":{"line":85,"column":40}},"type":"binary-expr","locations":[{"start":{"line":85,"column":16},"end":{"line":85,"column":26}},{"start":{"line":85,"column":30},"end":{"line":85,"column":40}}]},"13":{"loc":{"start":{"line":87,"column":19},"end":{"line":95,"column":null}},"type":"if","locations":[{"start":{"line":87,"column":19},"end":{"line":95,"column":null}},{"start":{"line":90,"column":19},"end":{"line":95,"column":null}}]},"14":{"loc":{"start":{"line":90,"column":19},"end":{"line":95,"column":null}},"type":"if","locations":[{"start":{"line":90,"column":19},"end":{"line":95,"column":null}},{"start":{"line":93,"column":19},"end":{"line":95,"column":null}}]},"15":{"loc":{"start":{"line":104,"column":4},"end":{"line":121,"column":null}},"type":"if","locations":[{"start":{"line":104,"column":4},"end":{"line":121,"column":null}},{"start":{"line":110,"column":11},"end":{"line":121,"column":null}}]},"16":{"loc":{"start":{"line":106,"column":8},"end":{"line":108,"column":null}},"type":"if","locations":[{"start":{"line":106,"column":8},"end":{"line":108,"column":null}}]},"17":{"loc":{"start":{"line":106,"column":14},"end":{"line":106,"column":49}},"type":"binary-expr","locations":[{"start":{"line":106,"column":14},"end":{"line":106,"column":36}},{"start":{"line":106,"column":40},"end":{"line":106,"column":49}}]},"18":{"loc":{"start":{"line":113,"column":8},"end":{"line":117,"column":null}},"type":"if","locations":[{"start":{"line":113,"column":8},"end":{"line":117,"column":null}}]},"19":{"loc":{"start":{"line":118,"column":8},"end":{"line":120,"column":null}},"type":"if","locations":[{"start":{"line":118,"column":8},"end":{"line":120,"column":null}}]},"20":{"loc":{"start":{"line":118,"column":38},"end":{"line":118,"column":67}},"type":"binary-expr","locations":[{"start":{"line":118,"column":38},"end":{"line":118,"column":57}},{"start":{"line":118,"column":61},"end":{"line":118,"column":67}}]},"21":{"loc":{"start":{"line":134,"column":20},"end":{"line":134,"column":104}},"type":"cond-expr","locations":[{"start":{"line":134,"column":55},"end":{"line":134,"column":92}},{"start":{"line":134,"column":95},"end":{"line":134,"column":104}}]},"22":{"loc":{"start":{"line":164,"column":19},"end":{"line":164,"column":95}},"type":"binary-expr","locations":[{"start":{"line":164,"column":19},"end":{"line":164,"column":29}},{"start":{"line":164,"column":33},"end":{"line":164,"column":48}},{"start":{"line":164,"column":53},"end":{"line":164,"column":74}},{"start":{"line":164,"column":78},"end":{"line":164,"column":94}}]},"23":{"loc":{"start":{"line":168,"column":29},"end":{"line":168,"column":50}},"type":"default-arg","locations":[{"start":{"line":168,"column":49},"end":{"line":168,"column":50}}]}},"s":{"0":13,"1":35,"2":6,"3":6,"4":10,"5":6,"6":5,"7":5,"8":3,"9":3,"10":3,"11":2,"12":28,"13":16,"14":12,"15":6,"16":18,"17":6,"18":34,"19":24,"20":27,"21":43,"22":27,"23":27,"24":23,"25":119,"26":119,"27":119,"28":17,"29":102,"30":5,"31":97,"32":8,"33":89,"34":4,"35":13,"36":14,"37":13,"38":13,"39":10,"40":39,"41":112,"42":39,"43":115,"44":39,"45":3,"46":36,"47":3,"48":33,"49":2,"50":31,"51":3,"52":22,"53":14,"54":14,"55":3,"56":11,"57":8,"58":8,"59":8,"60":2,"61":6,"62":15,"63":2,"64":15,"65":15,"66":15,"67":44,"68":44,"69":15,"70":6,"71":6,"72":6,"73":6,"74":6,"75":5,"76":5,"77":16,"78":16,"79":5,"80":8,"81":10,"82":19,"83":74,"84":5,"85":5,"86":5,"87":10,"88":5,"89":2},"f":{"0":13,"1":35,"2":6,"3":10,"4":5,"5":28,"6":18,"7":34,"8":24,"9":27,"10":43,"11":119,"12":13,"13":14,"14":39,"15":112,"16":115,"17":22,"18":15,"19":44,"20":6,"21":5,"22":16,"23":8,"24":10,"25":19,"26":74,"27":5},"b":{"0":[10,3],"1":[3,2],"2":[16],"3":[6,6],"4":[6,4],"5":[23,4],"6":[17,102],"7":[119,22],"8":[5,97],"9":[8,89],"10":[10,3],"11":[3,36],"12":[39,6],"13":[3,33],"14":[2,31],"15":[14,8],"16":[3],"17":[14,12],"18":[2],"19":[2],"20":[15,14],"21":[2,4],"22":[74,69,65,31],"23":[2]}}
,"/Users/jamythluk/Desktop/Work/project/util/src/core/DateUtil.ts": {"path":"/Users/jamythluk/Desktop/Work/project/util/src/core/DateUtil.ts","statementMap":{"0":{"start":{"line":4,"column":4},"end":{"line":6,"column":null}},"1":{"start":{"line":5,"column":8},"end":{"line":5,"column":83}},"2":{"start":{"line":7,"column":4},"end":{"line":7,"column":51}},"3":{"start":{"line":11,"column":4},"end":{"line":13,"column":null}},"4":{"start":{"line":12,"column":8},"end":{"line":12,"column":84}},"5":{"start":{"line":14,"column":4},"end":{"line":14,"column":50}},"6":{"start":{"line":18,"column":4},"end":{"line":18,"column":47}},"7":{"start":{"line":22,"column":4},"end":{"line":24,"column":null}},"8":{"start":{"line":23,"column":8},"end":{"line":23,"column":78}},"9":{"start":{"line":25,"column":4},"end":{"line":25,"column":45}},"10":{"start":{"line":29,"column":4},"end":{"line":31,"column":null}},"11":{"start":{"line":30,"column":8},"end":{"line":30,"column":79}},"12":{"start":{"line":32,"column":4},"end":{"line":32,"column":44}},"13":{"start":{"line":36,"column":4},"end":{"line":36,"column":41}},"14":{"start":{"line":45,"column":17},"end":{"line":45,"column":31}},"15":{"start":{"line":46,"column":4},"end":{"line":46,"column":54}},"16":{"start":{"line":61,"column":4},"end":{"line":84,"column":null}},"17":{"start":{"line":62,"column":21},"end":{"line":62,"column":39}},"18":{"start":{"line":63,"column":22},"end":{"line":63,"column":71}},"19":{"start":{"line":64,"column":20},"end":{"line":64,"column":62}},"20":{"start":{"line":65,"column":25},"end":{"line":65,"column":58}},"21":{"start":{"line":66,"column":8},"end":{"line":83,"column":null}},"22":{"start":{"line":68,"column":16},"end":{"line":68,"column":54}},"23":{"start":{"line":70,"column":16},"end":{"line":70,"column":71}},"24":{"start":{"line":72,"column":16},"end":{"line":72,"column":41}},"25":{"start":{"line":74,"column":16},"end":{"line":74,"column":58}},"26":{"start":{"line":76,"column":16},"end":{"line":76,"column":42}},"27":{"start":{"line":78,"column":16},"end":{"line":78,"column":60}},"28":{"start":{"line":80,"column":16},"end":{"line":80,"column":72}},"29":{"start":{"line":82,"column":16},"end":{"line":82,"column":32}},"30":{"start":{"line":85,"column":4},"end":{"line":85,"column":15}},"31":{"start":{"line":89,"column":4},"end":{"line":89,"column":87}},"32":{"start":{"line":93,"column":4},"end":{"line":95,"column":92}},"33":{"start":{"line":105,"column":24},"end":{"line":105,"column":72}},"34":{"start":{"line":106,"column":24},"end":{"line":106,"column":72}},"35":{"start":{"line":107,"column":4},"end":{"line":109,"column":null}},"36":{"start":{"line":108,"column":8},"end":{"line":108,"column":75}},"37":{"start":{"line":110,"column":4},"end":{"line":112,"column":null}},"38":{"start":{"line":111,"column":8},"end":{"line":111,"column":75}},"39":{"start":{"line":115,"column":21},"end":{"line":115,"column":103}},"40":{"start":{"line":116,"column":21},"end":{"line":116,"column":103}},"41":{"start":{"line":117,"column":19},"end":{"line":117,"column":59}},"42":{"start":{"line":119,"column":4},"end":{"line":119,"column":30}},"43":{"start":{"line":122,"column":13},"end":{"line":133,"column":3}}},"fnMap":{"0":{"name":"daysBeforeToday","decl":{"start":{"line":3,"column":9},"end":{"line":3,"column":24}},"loc":{"start":{"line":3,"column":58},"end":{"line":8,"column":1}}},"1":{"name":"daysAfterToday","decl":{"start":{"line":10,"column":9},"end":{"line":10,"column":23}},"loc":{"start":{"line":10,"column":57},"end":{"line":15,"column":1}}},"2":{"name":"today","decl":{"start":{"line":17,"column":9},"end":{"line":17,"column":14}},"loc":{"start":{"line":17,"column":34},"end":{"line":19,"column":1}}},"3":{"name":"daysBefore","decl":{"start":{"line":21,"column":9},"end":{"line":21,"column":19}},"loc":{"start":{"line":21,"column":65},"end":{"line":26,"column":1}}},"4":{"name":"daysAfter","decl":{"start":{"line":28,"column":9},"end":{"line":28,"column":18}},"loc":{"start":{"line":28,"column":64},"end":{"line":33,"column":1}}},"5":{"name":"someday","decl":{"start":{"line":35,"column":9},"end":{"line":35,"column":16}},"loc":{"start":{"line":35,"column":48},"end":{"line":37,"column":1}}},"6":{"name":"parse","decl":{"start":{"line":44,"column":9},"end":{"line":44,"column":14}},"loc":{"start":{"line":44,"column":27},"end":{"line":47,"column":1}}},"7":{"name":"format","decl":{"start":{"line":49,"column":9},"end":{"line":49,"column":15}},"loc":{"start":{"line":59,"column":28},"end":{"line":86,"column":1}}},"8":{"name":"isSameMinute","decl":{"start":{"line":88,"column":9},"end":{"line":88,"column":21}},"loc":{"start":{"line":88,"column":46},"end":{"line":90,"column":1}}},"9":{"name":"dateRelativeTo","decl":{"start":{"line":92,"column":9},"end":{"line":92,"column":23}},"loc":{"start":{"line":92,"column":73},"end":{"line":96,"column":1}}},"10":{"name":"dayDiff","decl":{"start":{"line":104,"column":9},"end":{"line":104,"column":16}},"loc":{"start":{"line":104,"column":59},"end":{"line":120,"column":1}}}},"branchMap":{"0":{"loc":{"start":{"line":4,"column":4},"end":{"line":6,"column":null}},"type":"if","locations":[{"start":{"line":4,"column":4},"end":{"line":6,"column":null}}]},"1":{"loc":{"start":{"line":11,"column":4},"end":{"line":13,"column":null}},"type":"if","locations":[{"start":{"line":11,"column":4},"end":{"line":13,"column":null}}]},"2":{"loc":{"start":{"line":22,"column":4},"end":{"line":24,"column":null}},"type":"if","locations":[{"start":{"line":22,"column":4},"end":{"line":24,"column":null}}]},"3":{"loc":{"start":{"line":29,"column":4},"end":{"line":31,"column":null}},"type":"if","locations":[{"start":{"line":29,"column":4},"end":{"line":31,"column":null}}]},"4":{"loc":{"start":{"line":46,"column":11},"end":{"line":46,"column":53}},"type":"cond-expr","locations":[{"start":{"line":46,"column":42},"end":{"line":46,"column":46}},{"start":{"line":46,"column":49},"end":{"line":46,"column":53}}]},"5":{"loc":{"start":{"line":51,"column":4},"end":{"line":59,"column":28}},"type":"default-arg","locations":[{"start":{"line":59,"column":19},"end":{"line":59,"column":28}}]},"6":{"loc":{"start":{"line":61,"column":4},"end":{"line":84,"column":null}},"type":"if","locations":[{"start":{"line":61,"column":4},"end":{"line":84,"column":null}}]},"7":{"loc":{"start":{"line":66,"column":8},"end":{"line":83,"column":null}},"type":"switch","locations":[{"start":{"line":67,"column":12},"end":{"line":68,"column":54}},{"start":{"line":69,"column":12},"end":{"line":70,"column":71}},{"start":{"line":71,"column":12},"end":{"line":72,"column":41}},{"start":{"line":73,"column":12},"end":{"line":74,"column":58}},{"start":{"line":75,"column":12},"end":{"line":76,"column":42}},{"start":{"line":77,"column":12},"end":{"line":78,"column":60}},{"start":{"line":79,"column":12},"end":{"line":80,"column":72}},{"start":{"line":81,"column":12},"end":{"line":82,"column":32}}]},"8":{"loc":{"start":{"line":93,"column":11},"end":{"line":95,"column":91}},"type":"cond-expr","locations":[{"start":{"line":94,"column":10},"end":{"line":94,"column":94}},{"start":{"line":95,"column":10},"end":{"line":95,"column":91}}]},"9":{"loc":{"start":{"line":105,"column":24},"end":{"line":105,"column":72}},"type":"cond-expr","locations":[{"start":{"line":105,"column":52},"end":{"line":105,"column":64}},{"start":{"line":105,"column":67},"end":{"line":105,"column":72}}]},"10":{"loc":{"start":{"line":106,"column":24},"end":{"line":106,"column":72}},"type":"cond-expr","locations":[{"start":{"line":106,"column":52},"end":{"line":106,"column":64}},{"start":{"line":106,"column":67},"end":{"line":106,"column":72}}]},"11":{"loc":{"start":{"line":107,"column":4},"end":{"line":109,"column":null}},"type":"if","locations":[{"start":{"line":107,"column":4},"end":{"line":109,"column":null}}]},"12":{"loc":{"start":{"line":110,"column":4},"end":{"line":112,"column":null}},"type":"if","locations":[{"start":{"line":110,"column":4},"end":{"line":112,"column":null}}]}},"s":{"0":4,"1":2,"2":2,"3":4,"4":2,"5":2,"6":2,"7":4,"8":2,"9":2,"10":4,"11":2,"12":2,"13":4,"14":29,"15":29,"16":15,"17":11,"18":11,"19":11,"20":11,"21":11,"22":2,"23":2,"24":2,"25":2,"26":1,"27":1,"28":1,"29":0,"30":4,"31":6,"32":14,"33":20,"34":20,"35":20,"36":3,"37":17,"38":1,"39":16,"40":16,"41":16,"42":16,"43":2},"f":{"0":4,"1":4,"2":2,"3":4,"4":4,"5":4,"6":29,"7":15,"8":6,"9":14,"10":20},"b":{"0":[2],"1":[2],"2":[2],"3":[2],"4":[8,21],"5":[3],"6":[11],"7":[2,2,2,2,1,1,1,0],"8":[7,7],"9":[12,8],"10":[12,8],"11":[3],"12":[1]}}
,"/Users/jamythluk/Desktop/Work/project/util/src/core/DistributionGenerator.ts": {"path":"/Users/jamythluk/Desktop/Work/project/util/src/core/DistributionGenerator.ts","statementMap":{"0":{"start":{"line":29,"column":8},"end":{"line":29,"column":33}},"1":{"start":{"line":30,"column":8},"end":{"line":30,"column":33}},"2":{"start":{"line":31,"column":8},"end":{"line":31,"column":35}},"3":{"start":{"line":32,"column":8},"end":{"line":32,"column":35}},"4":{"start":{"line":33,"column":8},"end":{"line":33,"column":89}},"5":{"start":{"line":4,"column":16},"end":{"line":4,"column":17}},"6":{"start":{"line":5,"column":16},"end":{"line":5,"column":17}},"7":{"start":{"line":6,"column":8},"end":{"line":8,"column":null}},"8":{"start":{"line":7,"column":12},"end":{"line":7,"column":30}},"9":{"start":{"line":9,"column":8},"end":{"line":11,"column":null}},"10":{"start":{"line":10,"column":12},"end":{"line":10,"column":30}},"11":{"start":{"line":12,"column":18},"end":{"line":12,"column":77}},"12":{"start":{"line":13,"column":8},"end":{"line":13,"column":31}},"13":{"start":{"line":14,"column":8},"end":{"line":16,"column":null}},"14":{"start":{"line":15,"column":12},"end":{"line":15,"column":69}},"15":{"start":{"line":17,"column":8},"end":{"line":17,"column":25}},"16":{"start":{"line":18,"column":8},"end":{"line":18,"column":19}},"17":{"start":{"line":19,"column":8},"end":{"line":19,"column":31}},"18":{"start":{"line":38,"column":29},"end":{"line":38,"column":46}},"19":{"start":{"line":41,"column":23},"end":{"line":41,"column":95}},"20":{"start":{"line":43,"column":33},"end":{"line":43,"column":115}},"21":{"start":{"line":44,"column":8},"end":{"line":50,"column":null}},"22":{"start":{"line":45,"column":12},"end":{"line":45,"column":40}},"23":{"start":{"line":46,"column":12},"end":{"line":46,"column":75}},"24":{"start":{"line":48,"column":12},"end":{"line":48,"column":40}},"25":{"start":{"line":49,"column":12},"end":{"line":49,"column":75}},"26":{"start":{"line":52,"column":8},"end":{"line":52,"column":28}},"27":{"start":{"line":1,"column":0},"end":{"line":1,"column":13}}},"fnMap":{"0":{"name":"(anonymous_0)","decl":{"start":{"line":28,"column":4},"end":{"line":28,"column":16}},"loc":{"start":{"line":28,"column":88},"end":{"line":34,"column":5}}},"1":{"name":"(anonymous_1)","decl":{"start":{"line":3,"column":4},"end":{"line":3,"column":10}},"loc":{"start":{"line":3,"column":54},"end":{"line":20,"column":5}}},"2":{"name":"(anonymous_2)","decl":{"start":{"line":36,"column":4},"end":{"line":36,"column":8}},"loc":{"start":{"line":36,"column":8},"end":{"line":53,"column":5}}}},"branchMap":{"0":{"loc":{"start":{"line":14,"column":8},"end":{"line":16,"column":null}},"type":"if","locations":[{"start":{"line":14,"column":8},"end":{"line":16,"column":null}}]},"1":{"loc":{"start":{"line":14,"column":12},"end":{"line":14,"column":30}},"type":"binary-expr","locations":[{"start":{"line":14,"column":12},"end":{"line":14,"column":19}},{"start":{"line":14,"column":23},"end":{"line":14,"column":30}}]},"2":{"loc":{"start":{"line":44,"column":8},"end":{"line":50,"column":null}},"type":"if","locations":[{"start":{"line":44,"column":8},"end":{"line":50,"column":null}},{"start":{"line":47,"column":15},"end":{"line":50,"column":null}}]}},"s":{"0":1,"1":1,"2":1,"3":1,"4":1,"5":3003,"6":3003,"7":3003,"8":3003,"9":3003,"10":3003,"11":3003,"12":3003,"13":3003,"14":0,"15":3003,"16":3003,"17":3003,"18":2002,"19":2002,"20":2002,"21":2002,"22":1001,"23":1001,"24":1001,"25":1001,"26":2002,"27":2},"f":{"0":1,"1":3003,"2":2002},"b":{"0":[0],"1":[3003,3003],"2":[1001,1001]}}
,"/Users/jamythluk/Desktop/Work/project/util/src/core/EnumUtil.ts": {"path":"/Users/jamythluk/Desktop/Work/project/util/src/core/EnumUtil.ts","statementMap":{"0":{"start":{"line":10,"column":67},"end":{"line":10,"column":69}},"1":{"start":{"line":11,"column":4},"end":{"line":11,"column":78}},"2":{"start":{"line":11,"column":40},"end":{"line":11,"column":75}},"3":{"start":{"line":12,"column":4},"end":{"line":12,"column":62}},"4":{"start":{"line":16,"column":4},"end":{"line":16,"column":34}},"5":{"start":{"line":23,"column":4},"end":{"line":25,"column":null}},"6":{"start":{"line":24,"column":8},"end":{"line":24,"column":54}},"7":{"start":{"line":26,"column":4},"end":{"line":26,"column":16}},"8":{"start":{"line":29,"column":13},"end":{"line":33,"column":3}}},"fnMap":{"0":{"name":"toRecord","decl":{"start":{"line":6,"column":9},"end":{"line":6,"column":17}},"loc":{"start":{"line":8,"column":62},"end":{"line":13,"column":1}}},"1":{"name":"(anonymous_1)","decl":{"start":{"line":11,"column":29},"end":{"line":11,"column":30}},"loc":{"start":{"line":11,"column":40},"end":{"line":11,"column":75}}},"2":{"name":"toArray","decl":{"start":{"line":15,"column":9},"end":{"line":15,"column":16}},"loc":{"start":{"line":15,"column":78},"end":{"line":17,"column":1}}},"3":{"name":"fromValue","decl":{"start":{"line":19,"column":9},"end":{"line":19,"column":18}},"loc":{"start":{"line":21,"column":17},"end":{"line":27,"column":1}}}},"branchMap":{"0":{"loc":{"start":{"line":23,"column":4},"end":{"line":25,"column":null}},"type":"if","locations":[{"start":{"line":23,"column":4},"end":{"line":25,"column":null}}]}},"s":{"0":4,"1":4,"2":12,"3":4,"4":8,"5":13,"6":4,"7":9,"8":1},"f":{"0":4,"1":12,"2":8,"3":13},"b":{"0":[4]}}
,"/Users/jamythluk/Desktop/Work/project/util/src/core/ErrorUtil.ts": {"path":"/Users/jamythluk/Desktop/Work/project/util/src/core/ErrorUtil.ts","statementMap":{"0":{"start":{"line":6,"column":4},"end":{"line":27,"column":null}},"1":{"start":{"line":7,"column":8},"end":{"line":24,"column":null}},"2":{"start":{"line":8,"column":12},"end":{"line":21,"column":null}},"3":{"start":{"line":9,"column":16},"end":{"line":16,"column":null}},"4":{"start":{"line":12,"column":46},"end":{"line":12,"column":61}},"5":{"start":{"line":13,"column":20},"end":{"line":13,"column":118}},"6":{"start":{"line":13,"column":84},"end":{"line":13,"column":103}},"7":{"start":{"line":15,"column":20},"end":{"line":15,"column":63}},"8":{"start":{"line":17,"column":19},"end":{"line":21,"column":null}},"9":{"start":{"line":18,"column":16},"end":{"line":18,"column":62}},"10":{"start":{"line":20,"column":16},"end":{"line":20,"column":45}},"11":{"start":{"line":23,"column":12},"end":{"line":23,"column":31}},"12":{"start":{"line":26,"column":8},"end":{"line":26,"column":25}},"13":{"start":{"line":30,"column":13},"end":{"line":32,"column":3}}},"fnMap":{"0":{"name":"serialize","decl":{"start":{"line":5,"column":9},"end":{"line":5,"column":18}},"loc":{"start":{"line":5,"column":33},"end":{"line":28,"column":1}}},"1":{"name":"(anonymous_1)","decl":{"start":{"line":13,"column":77},"end":{"line":13,"column":78}},"loc":{"start":{"line":13,"column":84},"end":{"line":13,"column":103}}}},"branchMap":{"0":{"loc":{"start":{"line":6,"column":4},"end":{"line":27,"column":null}},"type":"if","locations":[{"start":{"line":6,"column":4},"end":{"line":27,"column":null}},{"start":{"line":25,"column":11},"end":{"line":27,"column":null}}]},"1":{"loc":{"start":{"line":6,"column":8},"end":{"line":6,"column":69}},"type":"binary-expr","locations":[{"start":{"line":6,"column":8},"end":{"line":6,"column":22}},{"start":{"line":6,"column":26},"end":{"line":6,"column":45}},{"start":{"line":6,"column":49},"end":{"line":6,"column":69}}]},"2":{"loc":{"start":{"line":8,"column":12},"end":{"line":21,"column":null}},"type":"if","locations":[{"start":{"line":8,"column":12},"end":{"line":21,"column":null}},{"start":{"line":17,"column":19},"end":{"line":21,"column":null}}]},"3":{"loc":{"start":{"line":9,"column":16},"end":{"line":16,"column":null}},"type":"if","locations":[{"start":{"line":9,"column":16},"end":{"line":16,"column":null}},{"start":{"line":14,"column":23},"end":{"line":16,"column":null}}]},"4":{"loc":{"start":{"line":17,"column":19},"end":{"line":21,"column":null}},"type":"if","locations":[{"start":{"line":17,"column":19},"end":{"line":21,"column":null}},{"start":{"line":19,"column":19},"end":{"line":21,"column":null}}]}},"s":{"0":7,"1":4,"2":4,"3":1,"4":0,"5":0,"6":0,"7":1,"8":3,"9":1,"10":2,"11":0,"12":3,"13":2},"f":{"0":7,"1":0},"b":{"0":[4,3],"1":[7,6,5],"2":[1,3],"3":[0,1],"4":[1,2]}}
,"/Users/jamythluk/Desktop/Work/project/util/src/core/HashUtil.ts": {"path":"/Users/jamythluk/Desktop/Work/project/util/src/core/HashUtil.ts","statementMap":{"0":{"start":{"line":4,"column":15},"end":{"line":4,"column":16}},"1":{"start":{"line":5,"column":4},"end":{"line":9,"column":null}},"2":{"start":{"line":5,"column":17},"end":{"line":5,"column":18}},"3":{"start":{"line":6,"column":25},"end":{"line":6,"column":43}},"4":{"start":{"line":7,"column":8},"end":{"line":7,"column":45}},"5":{"start":{"line":8,"column":8},"end":{"line":8,"column":27}},"6":{"start":{"line":10,"column":4},"end":{"line":10,"column":16}},"7":{"start":{"line":13,"column":13},"end":{"line":15,"column":3}}},"fnMap":{"0":{"name":"toInteger","decl":{"start":{"line":1,"column":9},"end":{"line":1,"column":18}},"loc":{"start":{"line":1,"column":31},"end":{"line":11,"column":1}}}},"branchMap":{},"s":{"0":2982,"1":2982,"2":2982,"3":11928,"4":11928,"5":11928,"6":2982,"7":3},"f":{"0":2982},"b":{}}
,"/Users/jamythluk/Desktop/Work/project/util/src/core/IDGenerator.ts": {"path":"/Users/jamythluk/Desktop/Work/project/util/src/core/IDGenerator.ts","statementMap":{"0":{"start":{"line":2,"column":12},"end":{"line":2,"column":48}},"1":{"start":{"line":8,"column":8},"end":{"line":8,"column":50}},"2":{"start":{"line":1,"column":0},"end":{"line":1,"column":13}}},"fnMap":{"0":{"name":"(anonymous_0)","decl":{"start":{"line":1,"column":0},"end":{"line":1,"column":13}},"loc":{"start":{"line":1,"column":0},"end":{"line":10,"column":1}}},"1":{"name":"(anonymous_1)","decl":{"start":{"line":7,"column":4},"end":{"line":7,"column":8}},"loc":{"start":{"line":7,"column":8},"end":{"line":9,"column":5}}}},"branchMap":{},"s":{"0":0,"1":0,"2":1},"f":{"0":0,"1":0},"b":{}}
,"/Users/jamythluk/Desktop/Work/project/util/src/core/NumberUtil.ts": {"path":"/Users/jamythluk/Desktop/Work/project/util/src/core/NumberUtil.ts","statementMap":{"0":{"start":{"line":2,"column":4},"end":{"line":4,"column":null}},"1":{"start":{"line":3,"column":8},"end":{"line":3,"column":86}},"2":{"start":{"line":5,"column":4},"end":{"line":5,"column":47}},"3":{"start":{"line":9,"column":4},"end":{"line":9,"column":89}},"4":{"start":{"line":9,"column":40},"end":{"line":9,"column":85}},"5":{"start":{"line":13,"column":4},"end":{"line":13,"column":88}},"6":{"start":{"line":13,"column":40},"end":{"line":13,"column":84}},"7":{"start":{"line":20,"column":4},"end":{"line":26,"column":null}},"8":{"start":{"line":21,"column":22},"end":{"line":21,"column":49}},"9":{"start":{"line":22,"column":8},"end":{"line":22,"column":66}},"10":{"start":{"line":23,"column":8},"end":{"line":23,"column":31}},"11":{"start":{"line":25,"column":8},"end":{"line":25,"column":19}},"12":{"start":{"line":36,"column":4},"end":{"line":36,"column":43}},"13":{"start":{"line":40,"column":4},"end":{"line":42,"column":null}},"14":{"start":{"line":41,"column":8},"end":{"line":41,"column":99}},"15":{"start":{"line":43,"column":4},"end":{"line":45,"column":null}},"16":{"start":{"line":44,"column":8},"end":{"line":44,"column":21}},"17":{"start":{"line":61,"column":17},"end":{"line":61,"column":39}},"18":{"start":{"line":63,"column":22},"end":{"line":63,"column":111}},"19":{"start":{"line":64,"column":4},"end":{"line":70,"column":null}},"20":{"start":{"line":66,"column":19},"end":{"line":66,"column":41}},"21":{"start":{"line":67,"column":29},"end":{"line":67,"column":78}},"22":{"start":{"line":68,"column":8},"end":{"line":68,"column":45}},"23":{"start":{"line":69,"column":8},"end":{"line":69,"column":67}},"24":{"start":{"line":71,"column":4},"end":{"line":71,"column":23}},"25":{"start":{"line":75,"column":4},"end":{"line":75,"column":60}},"26":{"start":{"line":78,"column":13},"end":{"line":86,"column":3}}},"fnMap":{"0":{"name":"clamp","decl":{"start":{"line":1,"column":9},"end":{"line":1,"column":14}},"loc":{"start":{"line":1,"column":54},"end":{"line":6,"column":1}}},"1":{"name":"max","decl":{"start":{"line":8,"column":9},"end":{"line":8,"column":12}},"loc":{"start":{"line":8,"column":48},"end":{"line":10,"column":1}}},"2":{"name":"(anonymous_2)","decl":{"start":{"line":9,"column":32},"end":{"line":9,"column":33}},"loc":{"start":{"line":9,"column":40},"end":{"line":9,"column":85}}},"3":{"name":"min","decl":{"start":{"line":12,"column":9},"end":{"line":12,"column":12}},"loc":{"start":{"line":12,"column":48},"end":{"line":14,"column":1}}},"4":{"name":"(anonymous_4)","decl":{"start":{"line":13,"column":32},"end":{"line":13,"column":33}},"loc":{"start":{"line":13,"column":40},"end":{"line":13,"column":84}}},"5":{"name":"formatWithComma","decl":{"start":{"line":19,"column":9},"end":{"line":19,"column":24}},"loc":{"start":{"line":19,"column":45},"end":{"line":27,"column":1}}},"6":{"name":"safeNumber","decl":{"start":{"line":35,"column":9},"end":{"line":35,"column":19}},"loc":{"start":{"line":35,"column":51},"end":{"line":37,"column":1}}},"7":{"name":"rounding","decl":{"start":{"line":39,"column":9},"end":{"line":39,"column":17}},"loc":{"start":{"line":39,"column":88},"end":{"line":72,"column":1}}},"8":{"name":"roundingToString","decl":{"start":{"line":74,"column":9},"end":{"line":74,"column":25}},"loc":{"start":{"line":74,"column":93},"end":{"line":76,"column":1}}}},"branchMap":{"0":{"loc":{"start":{"line":2,"column":4},"end":{"line":4,"column":null}},"type":"if","locations":[{"start":{"line":2,"column":4},"end":{"line":4,"column":null}}]},"1":{"loc":{"start":{"line":9,"column":40},"end":{"line":9,"column":85}},"type":"cond-expr","locations":[{"start":{"line":9,"column":72},"end":{"line":9,"column":81}},{"start":{"line":9,"column":84},"end":{"line":9,"column":85}}]},"2":{"loc":{"start":{"line":9,"column":40},"end":{"line":9,"column":69}},"type":"binary-expr","locations":[{"start":{"line":9,"column":40},"end":{"line":9,"column":55}},{"start":{"line":9,"column":59},"end":{"line":9,"column":69}}]},"3":{"loc":{"start":{"line":13,"column":40},"end":{"line":13,"column":84}},"type":"cond-expr","locations":[{"start":{"line":13,"column":72},"end":{"line":13,"column":80}},{"start":{"line":13,"column":83},"end":{"line":13,"column":84}}]},"4":{"loc":{"start":{"line":13,"column":40},"end":{"line":13,"column":69}},"type":"binary-expr","locations":[{"start":{"line":13,"column":40},"end":{"line":13,"column":55}},{"start":{"line":13,"column":59},"end":{"line":13,"column":69}}]},"5":{"loc":{"start":{"line":20,"column":4},"end":{"line":26,"column":null}},"type":"if","locations":[{"start":{"line":20,"column":4},"end":{"line":26,"column":null}},{"start":{"line":24,"column":11},"end":{"line":26,"column":null}}]},"6":{"loc":{"start":{"line":20,"column":8},"end":{"line":20,"column":48}},"type":"binary-expr","locations":[{"start":{"line":20,"column":8},"end":{"line":20,"column":22}},{"start":{"line":20,"column":26},"end":{"line":20,"column":48}}]},"7":{"loc":{"start":{"line":40,"column":4},"end":{"line":42,"column":null}},"type":"if","locations":[{"start":{"line":40,"column":4},"end":{"line":42,"column":null}}]},"8":{"loc":{"start":{"line":40,"column":8},"end":{"line":40,"column":68}},"type":"binary-expr","locations":[{"start":{"line":40,"column":8},"end":{"line":40,"column":35}},{"start":{"line":40,"column":39},"end":{"line":40,"column":51}},{"start":{"line":40,"column":55},"end":{"line":40,"column":68}}]},"9":{"loc":{"start":{"line":43,"column":4},"end":{"line":45,"column":null}},"type":"if","locations":[{"start":{"line":43,"column":4},"end":{"line":45,"column":null}}]},"10":{"loc":{"start":{"line":63,"column":22},"end":{"line":63,"column":111}},"type":"cond-expr","locations":[{"start":{"line":63,"column":41},"end":{"line":63,"column":42}},{"start":{"line":63,"column":45},"end":{"line":63,"column":111}}]},"11":{"loc":{"start":{"line":63,"column":45},"end":{"line":63,"column":111}},"type":"cond-expr","locations":[{"start":{"line":63,"column":61},"end":{"line":63,"column":84}},{"start":{"line":63,"column":87},"end":{"line":63,"column":111}}]},"12":{"loc":{"start":{"line":64,"column":4},"end":{"line":70,"column":null}},"type":"if","locations":[{"start":{"line":64,"column":4},"end":{"line":70,"column":null}}]}},"s":{"0":9,"1":3,"2":6,"3":7,"4":15,"5":7,"6":15,"7":13,"8":10,"9":10,"10":10,"11":3,"12":0,"13":37,"14":4,"15":33,"16":0,"17":33,"18":33,"19":33,"20":27,"21":27,"22":27,"23":27,"24":6,"25":16,"26":2},"f":{"0":9,"1":7,"2":15,"3":7,"4":15,"5":13,"6":0,"7":37,"8":16},"b":{"0":[3],"1":[5,10],"2":[15,12],"3":[5,10],"4":[15,12],"5":[10,3],"6":[13,12],"7":[4],"8":[37,35,33],"9":[0],"10":[0,33],"11":[33,0],"12":[27]}}
,"/Users/jamythluk/Desktop/Work/project/util/src/core/ObjectUtil.ts": {"path":"/Users/jamythluk/Desktop/Work/project/util/src/core/ObjectUtil.ts","statementMap":{"0":{"start":{"line":4,"column":17},"end":{"line":4,"column":36}},"1":{"start":{"line":5,"column":4},"end":{"line":5,"column":57}},"2":{"start":{"line":17,"column":4},"end":{"line":21,"column":null}},"3":{"start":{"line":18,"column":8},"end":{"line":18,"column":52}},"4":{"start":{"line":20,"column":8},"end":{"line":20,"column":22}},"5":{"start":{"line":33,"column":22},"end":{"line":33,"column":24}},"6":{"start":{"line":34,"column":4},"end":{"line":39,"column":7}},"7":{"start":{"line":35,"column":8},"end":{"line":38,"column":null}},"8":{"start":{"line":36,"column":32},"end":{"line":36,"column":91}},"9":{"start":{"line":37,"column":12},"end":{"line":37,"column":41}},"10":{"start":{"line":41,"column":4},"end":{"line":41,"column":61}},"11":{"start":{"line":53,"column":42},"end":{"line":53,"column":44}},"12":{"start":{"line":54,"column":4},"end":{"line":57,"column":6}},"13":{"start":{"line":56,"column":12},"end":{"line":56,"column":113}},"14":{"start":{"line":58,"column":4},"end":{"line":58,"column":18}},"15":{"start":{"line":72,"column":20},"end":{"line":72,"column":39}},"16":{"start":{"line":73,"column":4},"end":{"line":78,"column":null}},"17":{"start":{"line":73,"column":17},"end":{"line":73,"column":18}},"18":{"start":{"line":74,"column":27},"end":{"line":74,"column":37}},"19":{"start":{"line":75,"column":8},"end":{"line":77,"column":null}},"20":{"start":{"line":76,"column":12},"end":{"line":76,"column":18}},"21":{"start":{"line":88,"column":37},"end":{"line":88,"column":41}},"22":{"start":{"line":89,"column":4},"end":{"line":94,"column":7}},"23":{"start":{"line":90,"column":8},"end":{"line":93,"column":null}},"24":{"start":{"line":91,"column":12},"end":{"line":91,"column":29}},"25":{"start":{"line":92,"column":12},"end":{"line":92,"column":25}},"26":{"start":{"line":95,"column":4},"end":{"line":95,"column":22}},"27":{"start":{"line":99,"column":4},"end":{"line":99,"column":44}},"28":{"start":{"line":107,"column":27},"end":{"line":140,"column":5}},"29":{"start":{"line":108,"column":8},"end":{"line":110,"column":null}},"30":{"start":{"line":109,"column":12},"end":{"line":109,"column":111}},"31":{"start":{"line":114,"column":8},"end":{"line":116,"column":null}},"32":{"start":{"line":115,"column":12},"end":{"line":115,"column":31}},"33":{"start":{"line":119,"column":8},"end":{"line":121,"column":null}},"34":{"start":{"line":120,"column":12},"end":{"line":120,"column":51}},"35":{"start":{"line":123,"column":8},"end":{"line":125,"column":null}},"36":{"start":{"line":124,"column":12},"end":{"line":124,"column":61}},"37":{"start":{"line":124,"column":42},"end":{"line":124,"column":59}},"38":{"start":{"line":127,"column":8},"end":{"line":137,"column":null}},"39":{"start":{"line":128,"column":35},"end":{"line":128,"column":37}},"40":{"start":{"line":130,"column":12},"end":{"line":135,"column":null}},"41":{"start":{"line":132,"column":16},"end":{"line":134,"column":null}},"42":{"start":{"line":133,"column":20},"end":{"line":133,"column":72}},"43":{"start":{"line":136,"column":12},"end":{"line":136,"column":29}},"44":{"start":{"line":139,"column":8},"end":{"line":139,"column":27}},"45":{"start":{"line":142,"column":4},"end":{"line":142,"column":41}},"46":{"start":{"line":146,"column":23},"end":{"line":146,"column":57}},"47":{"start":{"line":147,"column":4},"end":{"line":161,"column":7}},"48":{"start":{"line":148,"column":23},"end":{"line":148,"column":46}},"49":{"start":{"line":149,"column":23},"end":{"line":149,"column":46}},"50":{"start":{"line":150,"column":8},"end":{"line":160,"column":null}},"51":{"start":{"line":151,"column":12},"end":{"line":151,"column":21}},"52":{"start":{"line":152,"column":15},"end":{"line":160,"column":null}},"53":{"start":{"line":154,"column":12},"end":{"line":154,"column":21}},"54":{"start":{"line":155,"column":15},"end":{"line":160,"column":null}},"55":{"start":{"line":157,"column":12},"end":{"line":157,"column":22}},"56":{"start":{"line":159,"column":12},"end":{"line":159,"column":35}},"57":{"start":{"line":162,"column":19},"end":{"line":162,"column":26}},"58":{"start":{"line":163,"column":4},"end":{"line":163,"column":52}},"59":{"start":{"line":163,"column":31},"end":{"line":163,"column":49}},"60":{"start":{"line":164,"column":4},"end":{"line":164,"column":15}},"61":{"start":{"line":167,"column":13},"end":{"line":177,"column":3}}},"fnMap":{"0":{"name":"firstKey","decl":{"start":{"line":3,"column":9},"end":{"line":3,"column":17}},"loc":{"start":{"line":3,"column":45},"end":{"line":6,"column":1}}},"1":{"name":"safeAssign","decl":{"start":{"line":13,"column":9},"end":{"line":13,"column":19}},"loc":{"start":{"line":15,"column":61},"end":{"line":22,"column":1}}},"2":{"name":"toObject","decl":{"start":{"line":29,"column":9},"end":{"line":29,"column":17}},"loc":{"start":{"line":31,"column":109},"end":{"line":42,"column":1}}},"3":{"name":"(anonymous_3)","decl":{"start":{"line":34,"column":32},"end":{"line":34,"column":33}},"loc":{"start":{"line":34,"column":47},"end":{"line":39,"column":5}}},"4":{"name":"toArray","decl":{"start":{"line":49,"column":9},"end":{"line":49,"column":16}},"loc":{"start":{"line":51,"column":118},"end":{"line":59,"column":1}}},"5":{"name":"(anonymous_5)","decl":{"start":{"line":55,"column":8},"end":{"line":55,"column":9}},"loc":{"start":{"line":56,"column":12},"end":{"line":56,"column":113}}},"6":{"name":"forEach","decl":{"start":{"line":68,"column":9},"end":{"line":68,"column":16}},"loc":{"start":{"line":70,"column":103},"end":{"line":79,"column":1}}},"7":{"name":"findKey","decl":{"start":{"line":87,"column":9},"end":{"line":87,"column":16}},"loc":{"start":{"line":87,"column":81},"end":{"line":96,"column":1}}},"8":{"name":"(anonymous_8)","decl":{"start":{"line":89,"column":20},"end":{"line":89,"column":21}},"loc":{"start":{"line":89,"column":28},"end":{"line":94,"column":5}}},"9":{"name":"isEmpty","decl":{"start":{"line":98,"column":9},"end":{"line":98,"column":16}},"loc":{"start":{"line":98,"column":31},"end":{"line":100,"column":1}}},"10":{"name":"deepClone","decl":{"start":{"line":106,"column":9},"end":{"line":106,"column":18}},"loc":{"start":{"line":106,"column":46},"end":{"line":143,"column":1}}},"11":{"name":"(anonymous_11)","decl":{"start":{"line":107,"column":27},"end":{"line":107,"column":28}},"loc":{"start":{"line":107,"column":83},"end":{"line":140,"column":5}}},"12":{"name":"(anonymous_12)","decl":{"start":{"line":124,"column":35},"end":{"line":124,"column":36}},"loc":{"start":{"line":124,"column":42},"end":{"line":124,"column":59}}},"13":{"name":"sortByKeys","decl":{"start":{"line":145,"column":9},"end":{"line":145,"column":19}},"loc":{"start":{"line":145,"column":83},"end":{"line":165,"column":1}}},"14":{"name":"(anonymous_14)","decl":{"start":{"line":147,"column":20},"end":{"line":147,"column":21}},"loc":{"start":{"line":147,"column":29},"end":{"line":161,"column":5}}},"15":{"name":"(anonymous_15)","decl":{"start":{"line":163,"column":23},"end":{"line":163,"column":24}},"loc":{"start":{"line":163,"column":31},"end":{"line":163,"column":49}}}},"branchMap":{"0":{"loc":{"start":{"line":5,"column":11},"end":{"line":5,"column":56}},"type":"cond-expr","locations":[{"start":{"line":5,"column":30},"end":{"line":5,"column":49}},{"start":{"line":5,"column":52},"end":{"line":5,"column":56}}]},"1":{"loc":{"start":{"line":17,"column":4},"end":{"line":21,"column":null}},"type":"if","locations":[{"start":{"line":17,"column":4},"end":{"line":21,"column":null}},{"start":{"line":19,"column":11},"end":{"line":21,"column":null}}]},"2":{"loc":{"start":{"line":35,"column":8},"end":{"line":38,"column":null}},"type":"if","locations":[{"start":{"line":35,"column":8},"end":{"line":38,"column":null}}]},"3":{"loc":{"start":{"line":56,"column":12},"end":{"line":56,"column":113}},"type":"binary-expr","locations":[{"start":{"line":56,"column":12},"end":{"line":56,"column":37}},{"start":{"line":56,"column":41},"end":{"line":56,"column":113}}]},"4":{"loc":{"start":{"line":75,"column":8},"end":{"line":77,"column":null}},"type":"if","locations":[{"start":{"line":75,"column":8},"end":{"line":77,"column":null}}]},"5":{"loc":{"start":{"line":90,"column":8},"end":{"line":93,"column":null}},"type":"if","locations":[{"start":{"line":90,"column":8},"end":{"line":93,"column":null}}]},"6":{"loc":{"start":{"line":107,"column":46},"end":{"line":107,"column":74}},"type":"default-arg","locations":[{"start":{"line":107,"column":70},"end":{"line":107,"column":74}}]},"7":{"loc":{"start":{"line":108,"column":8},"end":{"line":110,"column":null}},"type":"if","locations":[{"start":{"line":108,"column":8},"end":{"line":110,"column":null}}]},"8":{"loc":{"start":{"line":108,"column":12},"end":{"line":108,"column":50}},"type":"binary-expr","locations":[{"start":{"line":108,"column":12},"end":{"line":108,"column":34}},{"start":{"line":108,"column":38},"end":{"line":108,"column":50}}]},"9":{"loc":{"start":{"line":114,"column":8},"end":{"line":116,"column":null}},"type":"if","locations":[{"start":{"line":114,"column":8},"end":{"line":116,"column":null}}]},"10":{"loc":{"start":{"line":114,"column":12},"end":{"line":114,"column":66}},"type":"binary-expr","locations":[{"start":{"line":114,"column":12},"end":{"line":114,"column":31}},{"start":{"line":114,"column":35},"end":{"line":114,"column":66}}]},"11":{"loc":{"start":{"line":119,"column":8},"end":{"line":121,"column":null}},"type":"if","locations":[{"start":{"line":119,"column":8},"end":{"line":121,"column":null}}]},"12":{"loc":{"start":{"line":123,"column":8},"end":{"line":125,"column":null}},"type":"if","locations":[{"start":{"line":123,"column":8},"end":{"line":125,"column":null}}]},"13":{"loc":{"start":{"line":127,"column":8},"end":{"line":137,"column":null}},"type":"if","locations":[{"start":{"line":127,"column":8},"end":{"line":137,"column":null}}]},"14":{"loc":{"start":{"line":132,"column":16},"end":{"line":134,"column":null}},"type":"if","locations":[{"start":{"line":132,"column":16},"end":{"line":134,"column":null}}]},"15":{"loc":{"start":{"line":150,"column":8},"end":{"line":160,"column":null}},"type":"if","locations":[{"start":{"line":150,"column":8},"end":{"line":160,"column":null}},{"start":{"line":152,"column":15},"end":{"line":160,"column":null}}]},"16":{"loc":{"start":{"line":150,"column":12},"end":{"line":150,"column":36}},"type":"binary-expr","locations":[{"start":{"line":150,"column":12},"end":{"line":150,"column":22}},{"start":{"line":150,"column":26},"end":{"line":150,"column":36}}]},"17":{"loc":{"start":{"line":152,"column":15},"end":{"line":160,"column":null}},"type":"if","locations":[{"start":{"line":152,"column":15},"end":{"line":160,"column":null}},{"start":{"line":155,"column":15},"end":{"line":160,"column":null}}]},"18":{"loc":{"start":{"line":155,"column":15},"end":{"line":160,"column":null}},"type":"if","locations":[{"start":{"line":155,"column":15},"end":{"line":160,"column":null}},{"start":{"line":158,"column":15},"end":{"line":160,"column":null}}]}},"s":{"0":3,"1":3,"2":16,"3":14,"4":2,"5":5,"6":5,"7":14,"8":13,"9":13,"10":5,"11":6,"12":6,"13":24,"14":6,"15":8,"16":8,"17":8,"18":22,"19":22,"20":5,"21":5,"22":5,"23":16,"24":3,"25":3,"26":5,"27":2,"28":5,"29":44,"30":1,"31":43,"32":25,"33":18,"34":2,"35":16,"36":5,"37":12,"38":11,"39":11,"40":11,"41":27,"42":27,"43":10,"44":0,"45":5,"46":4,"47":4,"48":21,"49":21,"50":21,"51":1,"52":20,"53":3,"54":17,"55":2,"56":15,"57":4,"58":4,"59":16,"60":4,"61":2},"f":{"0":3,"1":16,"2":5,"3":14,"4":6,"5":24,"6":8,"7":5,"8":16,"9":2,"10":5,"11":44,"12":12,"13":4,"14":21,"15":16},"b":{"0":[2,1],"1":[14,2],"2":[13],"3":[24,20],"4":[5],"5":[3],"6":[39],"7":[1],"8":[44,6],"9":[25],"10":[43,39],"11":[2],"12":[5],"13":[11],"14":[27],"15":[1,20],"16":[21,4],"17":[3,17],"18":[2,15]}}
,"/Users/jamythluk/Desktop/Work/project/util/src/core/PromiseUtil.ts": {"path":"/Users/jamythluk/Desktop/Work/project/util/src/core/PromiseUtil.ts","statementMap":{"0":{"start":{"line":2,"column":4},"end":{"line":2,"column":67}},"1":{"start":{"line":2,"column":42},"end":{"line":2,"column":65}},"2":{"start":{"line":6,"column":4},"end":{"line":6,"column":85}},"3":{"start":{"line":6,"column":39},"end":{"line":6,"column":83}},"4":{"start":{"line":6,"column":56},"end":{"line":6,"column":78}},"5":{"start":{"line":15,"column":29},"end":{"line":19,"column":null}},"6":{"start":{"line":16,"column":8},"end":{"line":18,"column":null}},"7":{"start":{"line":17,"column":21},"end":{"line":17,"column":40}},"8":{"start":{"line":18,"column":21},"end":{"line":18,"column":41}},"9":{"start":{"line":21,"column":4},"end":{"line":24,"column":6}},"10":{"start":{"line":22,"column":20},"end":{"line":22,"column":42}},"11":{"start":{"line":23,"column":17},"end":{"line":23,"column":37}},"12":{"start":{"line":27,"column":13},"end":{"line":31,"column":3}}},"fnMap":{"0":{"name":"sleep","decl":{"start":{"line":1,"column":9},"end":{"line":1,"column":14}},"loc":{"start":{"line":1,"column":25},"end":{"line":3,"column":1}}},"1":{"name":"(anonymous_1)","decl":{"start":{"line":2,"column":29},"end":{"line":2,"column":30}},"loc":{"start":{"line":2,"column":42},"end":{"line":2,"column":65}}},"2":{"name":"sleepThenResolve","decl":{"start":{"line":5,"column":9},"end":{"line":5,"column":25}},"loc":{"start":{"line":5,"column":57},"end":{"line":7,"column":1}}},"3":{"name":"(anonymous_3)","decl":{"start":{"line":6,"column":26},"end":{"line":6,"column":27}},"loc":{"start":{"line":6,"column":39},"end":{"line":6,"column":83}}},"4":{"name":"(anonymous_4)","decl":{"start":{"line":6,"column":50},"end":{"line":6,"column":53}},"loc":{"start":{"line":6,"column":56},"end":{"line":6,"column":78}}},"5":{"name":"raceSuccess","decl":{"start":{"line":14,"column":9},"end":{"line":14,"column":20}},"loc":{"start":{"line":14,"column":50},"end":{"line":25,"column":1}}},"6":{"name":"(anonymous_6)","decl":{"start":{"line":15,"column":42},"end":{"line":15,"column":43}},"loc":{"start":{"line":16,"column":8},"end":{"line":18,"column":null}}},"7":{"name":"(anonymous_7)","decl":{"start":{"line":17,"column":12},"end":{"line":17,"column":13}},"loc":{"start":{"line":17,"column":21},"end":{"line":17,"column":40}}},"8":{"name":"(anonymous_8)","decl":{"start":{"line":18,"column":12},"end":{"line":18,"column":13}},"loc":{"start":{"line":18,"column":21},"end":{"line":18,"column":41}}},"9":{"name":"(anonymous_9)","decl":{"start":{"line":22,"column":8},"end":{"line":22,"column":9}},"loc":{"start":{"line":22,"column":20},"end":{"line":22,"column":42}}},"10":{"name":"(anonymous_10)","decl":{"start":{"line":23,"column":8},"end":{"line":23,"column":9}},"loc":{"start":{"line":23,"column":17},"end":{"line":23,"column":37}}}},"branchMap":{},"s":{"0":0,"1":0,"2":0,"3":0,"4":0,"5":2,"6":8,"7":3,"8":4,"9":2,"10":1,"11":1,"12":2},"f":{"0":0,"1":0,"2":0,"3":0,"4":0,"5":2,"6":8,"7":3,"8":4,"9":1,"10":1},"b":{}}
,"/Users/jamythluk/Desktop/Work/project/util/src/core/RandomUtil.ts": {"path":"/Users/jamythluk/Desktop/Work/project/util/src/core/RandomUtil.ts","statementMap":{"0":{"start":{"line":1,"column":0},"end":{"line":1,"column":38}},"1":{"start":{"line":4,"column":19},"end":{"line":4,"column":31}},"2":{"start":{"line":5,"column":4},"end":{"line":5,"column":73}},"3":{"start":{"line":9,"column":4},"end":{"line":9,"column":61}},"4":{"start":{"line":13,"column":4},"end":{"line":15,"column":null}},"5":{"start":{"line":14,"column":8},"end":{"line":14,"column":79}},"6":{"start":{"line":16,"column":18},"end":{"line":16,"column":75}},"7":{"start":{"line":17,"column":4},"end":{"line":17,"column":24}},"8":{"start":{"line":20,"column":13},"end":{"line":24,"column":3}}},"fnMap":{"0":{"name":"fromArray","decl":{"start":{"line":3,"column":9},"end":{"line":3,"column":18}},"loc":{"start":{"line":3,"column":32},"end":{"line":6,"column":1}}},"1":{"name":"integerBetween","decl":{"start":{"line":8,"column":9},"end":{"line":8,"column":23}},"loc":{"start":{"line":8,"column":48},"end":{"line":10,"column":1}}},"2":{"name":"pickItemByHash","decl":{"start":{"line":12,"column":9},"end":{"line":12,"column":23}},"loc":{"start":{"line":12,"column":68},"end":{"line":18,"column":1}}}},"branchMap":{"0":{"loc":{"start":{"line":5,"column":11},"end":{"line":5,"column":72}},"type":"cond-expr","locations":[{"start":{"line":5,"column":24},"end":{"line":5,"column":65}},{"start":{"line":5,"column":68},"end":{"line":5,"column":72}}]},"1":{"loc":{"start":{"line":13,"column":4},"end":{"line":15,"column":null}},"type":"if","locations":[{"start":{"line":13,"column":4},"end":{"line":15,"column":null}}]}},"s":{"0":2,"1":301,"2":301,"3":300,"4":1987,"5":1,"6":1986,"7":1986,"8":2},"f":{"0":301,"1":300,"2":1987},"b":{"0":[300,1],"1":[1]}}
,"/Users/jamythluk/Desktop/Work/project/util/src/core/ReactUtil.tsx": {"path":"/Users/jamythluk/Desktop/Work/project/util/src/core/ReactUtil.tsx","statementMap":{"0":{"start":{"line":1,"column":0},"end":{"line":1,"column":26}},"1":{"start":{"line":9,"column":46},"end":{"line":14,"column":6}},"2":{"start":{"line":10,"column":8},"end":{"line":12,"column":null}},"3":{"start":{"line":15,"column":4},"end":{"line":18,"column":null}},"4":{"start":{"line":16,"column":8},"end":{"line":16,"column":90}},"5":{"start":{"line":17,"column":8},"end":{"line":17,"column":86}},"6":{"start":{"line":19,"column":4},"end":{"line":19,"column":58}},"7":{"start":{"line":29,"column":54},"end":{"line":29,"column":56}},"8":{"start":{"line":30,"column":4},"end":{"line":33,"column":7}},"9":{"start":{"line":31,"column":8},"end":{"line":31,"column":22}},"10":{"start":{"line":32,"column":8},"end":{"line":32,"column":38}},"11":{"start":{"line":34,"column":4},"end":{"line":34,"column":52}},"12":{"start":{"line":49,"column":4},"end":{"line":49,"column":93}},"13":{"start":{"line":67,"column":8},"end":{"line":67,"column":10}},"14":{"start":{"line":68,"column":4},"end":{"line":79,"column":7}},"15":{"start":{"line":69,"column":8},"end":{"line":78,"column":null}},"16":{"start":{"line":70,"column":30},"end":{"line":70,"column":44}},"17":{"start":{"line":71,"column":12},"end":{"line":71,"column":97}},"18":{"start":{"line":71,"column":71},"end":{"line":71,"column":95}},"19":{"start":{"line":73,"column":84},"end":{"line":73,"column":86}},"20":{"start":{"line":74,"column":12},"end":{"line":76,"column":15}},"21":{"start":{"line":75,"column":16},"end":{"line":75,"column":52}},"22":{"start":{"line":77,"column":12},"end":{"line":77,"column":56}},"23":{"start":{"line":80,"column":4},"end":{"line":80,"column":34}},"24":{"start":{"line":83,"column":13},"end":{"line":88,"column":3}}},"fnMap":{"0":{"name":"joinNodes","decl":{"start":{"line":3,"column":9},"end":{"line":3,"column":18}},"loc":{"start":{"line":6,"column":29},"end":{"line":20,"column":1}}},"1":{"name":"(anonymous_2)","decl":{"start":{"line":9,"column":56},"end":{"line":9,"column":57}},"loc":{"start":{"line":10,"column":8},"end":{"line":12,"column":null}}},"2":{"name":"interpolateNode","decl":{"start":{"line":28,"column":9},"end":{"line":28,"column":24}},"loc":{"start":{"line":28,"column":74},"end":{"line":35,"column":1}}},"3":{"name":"(anonymous_4)","decl":{"start":{"line":30,"column":35},"end":{"line":30,"column":36}},"loc":{"start":{"line":30,"column":48},"end":{"line":33,"column":5}}},"4":{"name":"memo","decl":{"start":{"line":48,"column":9},"end":{"line":48,"column":13}},"loc":{"start":{"line":48,"column":108},"end":{"line":50,"column":1}}},"5":{"name":"statics","decl":{"start":{"line":62,"column":9},"end":{"line":62,"column":16}},"loc":{"start":{"line":64,"column":19},"end":{"line":81,"column":1}}},"6":{"name":"(anonymous_7)","decl":{"start":{"line":68,"column":41},"end":{"line":68,"column":42}},"loc":{"start":{"line":68,"column":67},"end":{"line":79,"column":5}}},"7":{"name":"(anonymous_8)","decl":{"start":{"line":71,"column":55},"end":{"line":71,"column":56}},"loc":{"start":{"line":71,"column":71},"end":{"line":71,"column":95}}},"8":{"name":"(anonymous_9)","decl":{"start":{"line":74,"column":51},"end":{"line":74,"column":52}},"loc":{"start":{"line":74,"column":72},"end":{"line":76,"column":13}}}},"branchMap":{"0":{"loc":{"start":{"line":6,"column":4},"end":{"line":6,"column":29}},"type":"default-arg","locations":[{"start":{"line":6,"column":25},"end":{"line":6,"column":29}}]},"1":{"loc":{"start":{"line":12,"column":13},"end":{"line":12,"column":50}},"type":"binary-expr","locations":[{"start":{"line":12,"column":13},"end":{"line":12,"column":37}},{"start":{"line":12,"column":41},"end":{"line":12,"column":50}}]},"2":{"loc":{"start":{"line":15,"column":4},"end":{"line":18,"column":null}},"type":"if","locations":[{"start":{"line":15,"column":4},"end":{"line":18,"column":null}}]},"3":{"loc":{"start":{"line":69,"column":8},"end":{"line":78,"column":null}},"type":"if","locations":[{"start":{"line":69,"column":8},"end":{"line":78,"column":null}},{"start":{"line":72,"column":15},"end":{"line":78,"column":null}}]}},"s":{"0":2,"1":0,"2":0,"3":0,"4":0,"5":0,"6":0,"7":0,"8":0,"9":0,"10":0,"11":0,"12":8,"13":3,"14":3,"15":9,"16":1,"17":1,"18":0,"19":8,"20":8,"21":22,"22":8,"23":3,"24":2},"f":{"0":0,"1":0,"2":0,"3":0,"4":8,"5":3,"6":9,"7":0,"8":22},"b":{"0":[0],"1":[0,0],"2":[0],"3":[1,8]}}
,"/Users/jamythluk/Desktop/Work/project/util/src/core/TextUtil.ts": {"path":"/Users/jamythluk/Desktop/Work/project/util/src/core/TextUtil.ts","statementMap":{"0":{"start":{"line":9,"column":4},"end":{"line":11,"column":null}},"1":{"start":{"line":10,"column":8},"end":{"line":10,"column":89}},"2":{"start":{"line":12,"column":18},"end":{"line":12,"column":34}},"3":{"start":{"line":13,"column":4},"end":{"line":13,"column":89}},"4":{"start":{"line":21,"column":4},"end":{"line":23,"column":null}},"5":{"start":{"line":22,"column":8},"end":{"line":22,"column":81}},"6":{"start":{"line":24,"column":26},"end":{"line":24,"column":75}},"7":{"start":{"line":25,"column":4},"end":{"line":25,"column":64}},"8":{"start":{"line":29,"column":17},"end":{"line":29,"column":21}},"9":{"start":{"line":30,"column":4},"end":{"line":32,"column":null}},"10":{"start":{"line":30,"column":17},"end":{"line":30,"column":18}},"11":{"start":{"line":31,"column":8},"end":{"line":31,"column":61}},"12":{"start":{"line":33,"column":4},"end":{"line":33,"column":18}},"13":{"start":{"line":37,"column":23},"end":{"line":44,"column":5}},"14":{"start":{"line":38,"column":8},"end":{"line":43,"column":20}},"15":{"start":{"line":41,"column":27},"end":{"line":41,"column":38}},"16":{"start":{"line":46,"column":4},"end":{"line":46,"column":57}},"17":{"start":{"line":49,"column":13},"end":{"line":54,"column":3}}},"fnMap":{"0":{"name":"truncate","decl":{"start":{"line":1,"column":9},"end":{"line":1,"column":17}},"loc":{"start":{"line":1,"column":71},"end":{"line":14,"column":1}}},"1":{"name":"splitByLength","decl":{"start":{"line":20,"column":9},"end":{"line":20,"column":22}},"loc":{"start":{"line":20,"column":74},"end":{"line":26,"column":1}}},"2":{"name":"interpolate","decl":{"start":{"line":28,"column":9},"end":{"line":28,"column":20}},"loc":{"start":{"line":28,"column":58},"end":{"line":34,"column":1}}},"3":{"name":"stripHTML","decl":{"start":{"line":36,"column":9},"end":{"line":36,"column":18}},"loc":{"start":{"line":36,"column":31},"end":{"line":47,"column":1}}},"4":{"name":"(anonymous_4)","decl":{"start":{"line":37,"column":23},"end":{"line":37,"column":24}},"loc":{"start":{"line":37,"column":40},"end":{"line":44,"column":5}}},"5":{"name":"(anonymous_5)","decl":{"start":{"line":41,"column":17},"end":{"line":41,"column":18}},"loc":{"start":{"line":41,"column":27},"end":{"line":41,"column":38}}}},"branchMap":{"0":{"loc":{"start":{"line":1,"column":51},"end":{"line":1,"column":71}},"type":"default-arg","locations":[{"start":{"line":1,"column":68},"end":{"line":1,"column":71}}]},"1":{"loc":{"start":{"line":9,"column":4},"end":{"line":11,"column":null}},"type":"if","locations":[{"start":{"line":9,"column":4},"end":{"line":11,"column":null}}]},"2":{"loc":{"start":{"line":9,"column":8},"end":{"line":9,"column":58}},"type":"binary-expr","locations":[{"start":{"line":9,"column":8},"end":{"line":9,"column":22}},{"start":{"line":9,"column":26},"end":{"line":9,"column":58}}]},"3":{"loc":{"start":{"line":13,"column":11},"end":{"line":13,"column":88}},"type":"cond-expr","locations":[{"start":{"line":13,"column":38},"end":{"line":13,"column":81}},{"start":{"line":13,"column":84},"end":{"line":13,"column":88}}]},"4":{"loc":{"start":{"line":21,"column":4},"end":{"line":23,"column":null}},"type":"if","locations":[{"start":{"line":21,"column":4},"end":{"line":23,"column":null}}]},"5":{"loc":{"start":{"line":21,"column":8},"end":{"line":21,"column":55}},"type":"binary-expr","locations":[{"start":{"line":21,"column":8},"end":{"line":21,"column":37}},{"start":{"line":21,"column":41},"end":{"line":21,"column":55}}]},"6":{"loc":{"start":{"line":25,"column":11},"end":{"line":25,"column":63}},"type":"cond-expr","locations":[{"start":{"line":25,"column":27},"end":{"line":25,"column":56}},{"start":{"line":25,"column":59},"end":{"line":25,"column":63}}]}},"s":{"0":13,"1":4,"2":9,"3":9,"4":11,"5":2,"6":9,"7":9,"8":3,"9":3,"10":3,"11":8,"12":3,"13":5,"14":5,"15":14,"16":5,"17":2},"f":{"0":13,"1":11,"2":3,"3":5,"4":5,"5":14},"b":{"0":[6],"1":[4],"2":[13,11],"3":[4,5],"4":[2],"5":[11,10],"6":[8,1]}}
,"/Users/jamythluk/Desktop/Work/project/util/src/core/URLUtil.ts": {"path":"/Users/jamythluk/Desktop/Work/project/util/src/core/URLUtil.ts","statementMap":{"0":{"start":{"line":17,"column":4},"end":{"line":19,"column":null}},"1":{"start":{"line":18,"column":8},"end":{"line":18,"column":20}},"2":{"start":{"line":21,"column":18},"end":{"line":21,"column":62}},"3":{"start":{"line":22,"column":4},"end":{"line":24,"column":null}},"4":{"start":{"line":23,"column":8},"end":{"line":23,"column":72}},"5":{"start":{"line":26,"column":21},"end":{"line":26,"column":85}},"6":{"start":{"line":27,"column":4},"end":{"line":29,"column":null}},"7":{"start":{"line":28,"column":8},"end":{"line":28,"column":20}},"8":{"start":{"line":31,"column":4},"end":{"line":31,"column":33}},"9":{"start":{"line":32,"column":4},"end":{"line":50,"column":null}},"10":{"start":{"line":33,"column":30},"end":{"line":33,"column":49}},"11":{"start":{"line":34,"column":31},"end":{"line":34,"column":69}},"12":{"start":{"line":35,"column":8},"end":{"line":44,"column":null}},"13":{"start":{"line":36,"column":12},"end":{"line":36,"column":24}},"14":{"start":{"line":37,"column":15},"end":{"line":44,"column":null}},"15":{"start":{"line":39,"column":31},"end":{"line":39,"column":76}},"16":{"start":{"line":40,"column":31},"end":{"line":40,"column":73}},"17":{"start":{"line":41,"column":12},"end":{"line":41,"column":80}},"18":{"start":{"line":43,"column":12},"end":{"line":43,"column":86}},"19":{"start":{"line":46,"column":8},"end":{"line":46,"column":45}},"20":{"start":{"line":47,"column":8},"end":{"line":49,"column":null}},"21":{"start":{"line":48,"column":12},"end":{"line":48,"column":69}},"22":{"start":{"line":52,"column":24},"end":{"line":52,"column":82}},"23":{"start":{"line":53,"column":4},"end":{"line":57,"column":null}},"24":{"start":{"line":54,"column":8},"end":{"line":54,"column":107}},"25":{"start":{"line":56,"column":8},"end":{"line":56,"column":20}},"26":{"start":{"line":60,"column":13},"end":{"line":62,"column":3}}},"fnMap":{"0":{"name":"transformOriginPrefix","decl":{"start":{"line":11,"column":9},"end":{"line":11,"column":30}},"loc":{"start":{"line":15,"column":21},"end":{"line":58,"column":1}}}},"branchMap":{"0":{"loc":{"start":{"line":17,"column":4},"end":{"line":19,"column":null}},"type":"if","locations":[{"start":{"line":17,"column":4},"end":{"line":19,"column":null}}]},"1":{"loc":{"start":{"line":22,"column":4},"end":{"line":24,"column":null}},"type":"if","locations":[{"start":{"line":22,"column":4},"end":{"line":24,"column":null}}]},"2":{"loc":{"start":{"line":27,"column":4},"end":{"line":29,"column":null}},"type":"if","locations":[{"start":{"line":27,"column":4},"end":{"line":29,"column":null}}]},"3":{"loc":{"start":{"line":32,"column":4},"end":{"line":50,"column":null}},"type":"if","locations":[{"start":{"line":32,"column":4},"end":{"line":50,"column":null}},{"start":{"line":45,"column":11},"end":{"line":50,"column":null}}]},"4":{"loc":{"start":{"line":35,"column":8},"end":{"line":44,"column":null}},"type":"if","locations":[{"start":{"line":35,"column":8},"end":{"line":44,"column":null}},{"start":{"line":37,"column":15},"end":{"line":44,"column":null}}]},"5":{"loc":{"start":{"line":37,"column":15},"end":{"line":44,"column":null}},"type":"if","locations":[{"start":{"line":37,"column":15},"end":{"line":44,"column":null}},{"start":{"line":42,"column":15},"end":{"line":44,"column":null}}]},"6":{"loc":{"start":{"line":41,"column":33},"end":{"line":41,"column":65}},"type":"cond-expr","locations":[{"start":{"line":41,"column":45},"end":{"line":41,"column":60}},{"start":{"line":41,"column":63},"end":{"line":41,"column":65}}]},"7":{"loc":{"start":{"line":47,"column":8},"end":{"line":49,"column":null}},"type":"if","locations":[{"start":{"line":47,"column":8},"end":{"line":49,"column":null}}]},"8":{"loc":{"start":{"line":53,"column":4},"end":{"line":57,"column":null}},"type":"if","locations":[{"start":{"line":53,"column":4},"end":{"line":57,"column":null}},{"start":{"line":55,"column":11},"end":{"line":57,"column":null}}]},"9":{"loc":{"start":{"line":54,"column":44},"end":{"line":54,"column":60}},"type":"binary-expr","locations":[{"start":{"line":54,"column":44},"end":{"line":54,"column":52}},{"start":{"line":54,"column":56},"end":{"line":54,"column":60}}]},"10":{"loc":{"start":{"line":54,"column":72},"end":{"line":54,"column":104}},"type":"cond-expr","locations":[{"start":{"line":54,"column":84},"end":{"line":54,"column":99}},{"start":{"line":54,"column":102},"end":{"line":54,"column":104}}]}},"s":{"0":42,"1":2,"2":40,"3":40,"4":5,"5":35,"6":35,"7":3,"8":32,"9":32,"10":8,"11":8,"12":8,"13":1,"14":7,"15":4,"16":4,"17":4,"18":3,"19":24,"20":24,"21":2,"22":25,"23":25,"24":17,"25":8,"26":2},"f":{"0":42},"b":{"0":[2],"1":[5],"2":[3],"3":[8,24],"4":[1,7],"5":[4,3],"6":[3,1],"7":[2],"8":[17,8],"9":[17,14],"10":[14,3]}}
,"/Users/jamythluk/Desktop/Work/project/util/src/core/VersionComparator.ts": {"path":"/Users/jamythluk/Desktop/Work/project/util/src/core/VersionComparator.ts","statementMap":{"0":{"start":{"line":12,"column":18},"end":{"line":12,"column":38}},"1":{"start":{"line":13,"column":4},"end":{"line":15,"column":null}},"2":{"start":{"line":14,"column":8},"end":{"line":14,"column":69}},"3":{"start":{"line":16,"column":4},"end":{"line":18,"column":null}},"4":{"start":{"line":17,"column":8},"end":{"line":17,"column":68}},"5":{"start":{"line":20,"column":59},"end":{"line":20,"column":null}},"6":{"start":{"line":25,"column":56},"end":{"line":25,"column":null}},"7":{"start":{"line":31,"column":4},"end":{"line":35,"column":null}},"8":{"start":{"line":32,"column":8},"end":{"line":32,"column":28}},"9":{"start":{"line":33,"column":11},"end":{"line":35,"column":null}},"10":{"start":{"line":34,"column":8},"end":{"line":34,"column":31}},"11":{"start":{"line":37,"column":4},"end":{"line":41,"column":null}},"12":{"start":{"line":38,"column":8},"end":{"line":38,"column":28}},"13":{"start":{"line":39,"column":11},"end":{"line":41,"column":null}},"14":{"start":{"line":40,"column":8},"end":{"line":40,"column":31}},"15":{"start":{"line":43,"column":4},"end":{"line":45,"column":null}},"16":{"start":{"line":44,"column":8},"end":{"line":44,"column":31}},"17":{"start":{"line":47,"column":4},"end":{"line":47,"column":24}},"18":{"start":{"line":50,"column":13},"end":{"line":52,"column":3}}},"fnMap":{"0":{"name":"compare","decl":{"start":{"line":11,"column":9},"end":{"line":11,"column":16}},"loc":{"start":{"line":11,"column":62},"end":{"line":48,"column":1}}}},"branchMap":{"0":{"loc":{"start":{"line":13,"column":4},"end":{"line":15,"column":null}},"type":"if","locations":[{"start":{"line":13,"column":4},"end":{"line":15,"column":null}}]},"1":{"loc":{"start":{"line":16,"column":4},"end":{"line":18,"column":null}},"type":"if","locations":[{"start":{"line":16,"column":4},"end":{"line":18,"column":null}}]},"2":{"loc":{"start":{"line":20,"column":39},"end":{"line":20,"column":55}},"type":"default-arg","locations":[{"start":{"line":20,"column":54},"end":{"line":20,"column":55}}]},"3":{"loc":{"start":{"line":25,"column":37},"end":{"line":25,"column":52}},"type":"default-arg","locations":[{"start":{"line":25,"column":51},"end":{"line":25,"column":52}}]},"4":{"loc":{"start":{"line":31,"column":4},"end":{"line":35,"column":null}},"type":"if","locations":[{"start":{"line":31,"column":4},"end":{"line":35,"column":null}},{"start":{"line":33,"column":11},"end":{"line":35,"column":null}}]},"5":{"loc":{"start":{"line":33,"column":11},"end":{"line":35,"column":null}},"type":"if","locations":[{"start":{"line":33,"column":11},"end":{"line":35,"column":null}}]},"6":{"loc":{"start":{"line":37,"column":4},"end":{"line":41,"column":null}},"type":"if","locations":[{"start":{"line":37,"column":4},"end":{"line":41,"column":null}},{"start":{"line":39,"column":11},"end":{"line":41,"column":null}}]},"7":{"loc":{"start":{"line":39,"column":11},"end":{"line":41,"column":null}},"type":"if","locations":[{"start":{"line":39,"column":11},"end":{"line":41,"column":null}}]},"8":{"loc":{"start":{"line":43,"column":4},"end":{"line":45,"column":null}},"type":"if","locations":[{"start":{"line":43,"column":4},"end":{"line":45,"column":null}}]}},"s":{"0":39,"1":39,"2":2,"3":37,"4":7,"5":30,"6":30,"7":30,"8":6,"9":24,"10":4,"11":20,"12":1,"13":19,"14":6,"15":13,"16":4,"17":9,"18":2},"f":{"0":39},"b":{"0":[2],"1":[7],"2":[5],"3":[5],"4":[6,24],"5":[4],"6":[1,19],"7":[6],"8":[4]}}
,"/Users/jamythluk/Desktop/Work/project/util/src/decorator/Memo.ts": {"path":"/Users/jamythluk/Desktop/Work/project/util/src/decorator/Memo.ts","statementMap":{"0":{"start":{"line":9,"column":32},"end":{"line":9,"column":90}},"1":{"start":{"line":9,"column":50},"end":{"line":9,"column":89}},"2":{"start":{"line":11,"column":4},"end":{"line":29,"column":6}},"3":{"start":{"line":17,"column":31},"end":{"line":17,"column":71}},"4":{"start":{"line":19,"column":19},"end":{"line":19,"column":40}},"5":{"start":{"line":20,"column":22},"end":{"line":20,"column":24}},"6":{"start":{"line":21,"column":8},"end":{"line":27,"column":10}},"7":{"start":{"line":22,"column":29},"end":{"line":22,"column":51}},"8":{"start":{"line":23,"column":12},"end":{"line":25,"column":null}},"9":{"start":{"line":24,"column":16},"end":{"line":24,"column":55}},"10":{"start":{"line":26,"column":12},"end":{"line":26,"column":35}},"11":{"start":{"line":28,"column":8},"end":{"line":28,"column":36}},"12":{"start":{"line":10,"column":0},"end":{"line":10,"column":16}}},"fnMap":{"0":{"name":"(anonymous_0)","decl":{"start":{"line":9,"column":32},"end":{"line":9,"column":33}},"loc":{"start":{"line":9,"column":50},"end":{"line":9,"column":89}}},"1":{"name":"Memo","decl":{"start":{"line":10,"column":16},"end":{"line":10,"column":20}},"loc":{"start":{"line":10,"column":88},"end":{"line":30,"column":1}}},"2":{"name":"(anonymous_2)","decl":{"start":{"line":11,"column":11},"end":{"line":11,"column":12}},"loc":{"start":{"line":11,"column":47},"end":{"line":29,"column":5}}},"3":{"name":"(anonymous_3)","decl":{"start":{"line":21,"column":31},"end":{"line":21,"column":41}},"loc":{"start":{"line":21,"column":55},"end":{"line":27,"column":9}}}},"branchMap":{"0":{"loc":{"start":{"line":9,"column":50},"end":{"line":9,"column":89}},"type":"cond-expr","locations":[{"start":{"line":9,"column":64},"end":{"line":9,"column":84}},{"start":{"line":9,"column":87},"end":{"line":9,"column":89}}]},"1":{"loc":{"start":{"line":10,"column":21},"end":{"line":10,"column":88}},"type":"default-arg","locations":[{"start":{"line":10,"column":65},"end":{"line":10,"column":88}}]},"2":{"loc":{"start":{"line":17,"column":31},"end":{"line":17,"column":71}},"type":"binary-expr","locations":[{"start":{"line":17,"column":31},"end":{"line":17,"column":41}},{"start":{"line":17,"column":46},"end":{"line":17,"column":71}}]},"3":{"loc":{"start":{"line":23,"column":12},"end":{"line":25,"column":null}},"type":"if","locations":[{"start":{"line":23,"column":12},"end":{"line":25,"column":null}}]},"4":{"loc":{"start":{"line":28,"column":15},"end":{"line":28,"column":35}},"type":"binary-expr","locations":[{"start":{"line":28,"column":15},"end":{"line":28,"column":25}},{"start":{"line":28,"column":29},"end":{"line":28,"column":35}}]}},"s":{"0":2,"1":23,"2":2,"3":2,"4":2,"5":2,"6":2,"7":23,"8":23,"9":3,"10":23,"11":2,"12":2},"f":{"0":23,"1":2,"2":2,"3":23},"b":{"0":[23,0],"1":[2],"2":[2,0],"3":[3],"4":[2,0]}}
,"/Users/jamythluk/Desktop/Work/project/util/src/decorator/Throttle.ts": {"path":"/Users/jamythluk/Desktop/Work/project/util/src/decorator/Throttle.ts","statementMap":{"0":{"start":{"line":9,"column":4},"end":{"line":27,"column":6}},"1":{"start":{"line":15,"column":31},"end":{"line":15,"column":71}},"2":{"start":{"line":17,"column":19},"end":{"line":17,"column":40}},"3":{"start":{"line":18,"column":23},"end":{"line":18,"column":24}},"4":{"start":{"line":19,"column":8},"end":{"line":25,"column":10}},"5":{"start":{"line":20,"column":32},"end":{"line":20,"column":42}},"6":{"start":{"line":21,"column":12},"end":{"line":24,"column":null}},"7":{"start":{"line":22,"column":16},"end":{"line":22,"column":37}},"8":{"start":{"line":23,"column":16},"end":{"line":23,"column":39}},"9":{"start":{"line":26,"column":8},"end":{"line":26,"column":36}},"10":{"start":{"line":8,"column":0},"end":{"line":8,"column":16}}},"fnMap":{"0":{"name":"Throttle","decl":{"start":{"line":8,"column":16},"end":{"line":8,"column":24}},"loc":{"start":{"line":8,"column":44},"end":{"line":28,"column":1}}},"1":{"name":"(anonymous_1)","decl":{"start":{"line":9,"column":11},"end":{"line":9,"column":12}},"loc":{"start":{"line":9,"column":47},"end":{"line":27,"column":5}}},"2":{"name":"(anonymous_2)","decl":{"start":{"line":19,"column":31},"end":{"line":19,"column":41}},"loc":{"start":{"line":19,"column":55},"end":{"line":25,"column":9}}}},"branchMap":{"0":{"loc":{"start":{"line":15,"column":31},"end":{"line":15,"column":71}},"type":"binary-expr","locations":[{"start":{"line":15,"column":31},"end":{"line":15,"column":41}},{"start":{"line":15,"column":46},"end":{"line":15,"column":71}}]},"1":{"loc":{"start":{"line":21,"column":12},"end":{"line":24,"column":null}},"type":"if","locations":[{"start":{"line":21,"column":12},"end":{"line":24,"column":null}}]},"2":{"loc":{"start":{"line":26,"column":15},"end":{"line":26,"column":35}},"type":"binary-expr","locations":[{"start":{"line":26,"column":15},"end":{"line":26,"column":25}},{"start":{"line":26,"column":29},"end":{"line":26,"column":35}}]}},"s":{"0":1,"1":1,"2":1,"3":1,"4":1,"5":6,"6":6,"7":2,"8":2,"9":1,"10":2},"f":{"0":1,"1":1,"2":6},"b":{"0":[1,0],"1":[2],"2":[1,0]}}
,"/Users/jamythluk/Desktop/Work/project/util/src/hooks/useAPI.ts": {"path":"/Users/jamythluk/Desktop/Work/project/util/src/hooks/useAPI.ts","statementMap":{"0":{"start":{"line":1,"column":0},"end":{"line":1,"column":26}},"1":{"start":{"line":16,"column":4},"end":{"line":21,"column":null}},"2":{"start":{"line":18,"column":12},"end":{"line":18,"column":72}},"3":{"start":{"line":20,"column":12},"end":{"line":20,"column":67}},"4":{"start":{"line":28,"column":51},"end":{"line":30,"column":null}},"5":{"start":{"line":32,"column":22},"end":{"line":34,"column":null}},"6":{"start":{"line":33,"column":39},"end":{"line":33,"column":87}},"7":{"start":{"line":37,"column":4},"end":{"line":41,"column":33}},"8":{"start":{"line":38,"column":8},"end":{"line":38,"column":45}},"9":{"start":{"line":39,"column":8},"end":{"line":39,"column":73}},"10":{"start":{"line":39,"column":39},"end":{"line":39,"column":71}},"11":{"start":{"line":43,"column":4},"end":{"line":43,"column":68}},"12":{"start":{"line":24,"column":0},"end":{"line":24,"column":16}}},"fnMap":{"0":{"name":"reducer","decl":{"start":{"line":12,"column":9},"end":{"line":12,"column":16}},"loc":{"start":{"line":14,"column":37},"end":{"line":22,"column":1}}},"1":{"name":"useAPI","decl":{"start":{"line":24,"column":16},"end":{"line":24,"column":22}},"loc":{"start":{"line":26,"column":27},"end":{"line":44,"column":1}}},"2":{"name":"(anonymous_3)","decl":{"start":{"line":33,"column":8},"end":{"line":33,"column":9}},"loc":{"start":{"line":33,"column":39},"end":{"line":33,"column":87}}},"3":{"name":"(anonymous_4)","decl":{"start":{"line":37,"column":20},"end":{"line":37,"column":23}},"loc":{"start":{"line":37,"column":25},"end":{"line":41,"column":5}}},"4":{"name":"(anonymous_5)","decl":{"start":{"line":39,"column":29},"end":{"line":39,"column":30}},"loc":{"start":{"line":39,"column":39},"end":{"line":39,"column":71}}}},"branchMap":{"0":{"loc":{"start":{"line":16,"column":4},"end":{"line":21,"column":null}},"type":"switch","locations":[{"start":{"line":17,"column":8},"end":{"line":18,"column":72}},{"start":{"line":19,"column":8},"end":{"line":20,"column":67}}]}},"s":{"0":1,"1":0,"2":0,"3":0,"4":0,"5":0,"6":0,"7":0,"8":0,"9":0,"10":0,"11":0,"12":1},"f":{"0":0,"1":0,"2":0,"3":0,"4":0},"b":{"0":[0,0]}}
,"/Users/jamythluk/Desktop/Work/project/util/src/hooks/useBool.ts": {"path":"/Users/jamythluk/Desktop/Work/project/util/src/hooks/useBool.ts","statementMap":{"0":{"start":{"line":1,"column":0},"end":{"line":1,"column":26}},"1":{"start":{"line":13,"column":30},"end":{"line":13,"column":58}},"2":{"start":{"line":14,"column":27},"end":{"line":14,"column":78}},"3":{"start":{"line":14,"column":51},"end":{"line":14,"column":65}},"4":{"start":{"line":15,"column":28},"end":{"line":15,"column":80}},"5":{"start":{"line":15,"column":52},"end":{"line":15,"column":67}},"6":{"start":{"line":17,"column":4},"end":{"line":17,"column":52}},"7":{"start":{"line":12,"column":0},"end":{"line":12,"column":16}}},"fnMap":{"0":{"name":"useBool","decl":{"start":{"line":12,"column":16},"end":{"line":12,"column":23}},"loc":{"start":{"line":12,"column":53},"end":{"line":18,"column":1}}},"1":{"name":"(anonymous_2)","decl":{"start":{"line":14,"column":45},"end":{"line":14,"column":48}},"loc":{"start":{"line":14,"column":51},"end":{"line":14,"column":65}}},"2":{"name":"(anonymous_3)","decl":{"start":{"line":15,"column":46},"end":{"line":15,"column":49}},"loc":{"start":{"line":15,"column":52},"end":{"line":15,"column":67}}}},"branchMap":{"0":{"loc":{"start":{"line":12,"column":24},"end":{"line":12,"column":53}},"type":"default-arg","locations":[{"start":{"line":12,"column":48},"end":{"line":12,"column":53}}]}},"s":{"0":1,"1":0,"2":0,"3":0,"4":0,"5":0,"6":0,"7":1},"f":{"0":0,"1":0,"2":0},"b":{"0":[0]}}
,"/Users/jamythluk/Desktop/Work/project/util/src/hooks/useDidMountEffect.ts": {"path":"/Users/jamythluk/Desktop/Work/project/util/src/hooks/useDidMountEffect.ts","statementMap":{"0":{"start":{"line":1,"column":0},"end":{"line":1,"column":26}},"1":{"start":{"line":4,"column":4},"end":{"line":6,"column":11}},"2":{"start":{"line":5,"column":8},"end":{"line":5,"column":18}},"3":{"start":{"line":3,"column":0},"end":{"line":3,"column":16}}},"fnMap":{"0":{"name":"useDidMountEffect","decl":{"start":{"line":3,"column":16},"end":{"line":3,"column":33}},"loc":{"start":{"line":3,"column":53},"end":{"line":7,"column":1}}},"1":{"name":"(anonymous_2)","decl":{"start":{"line":4,"column":20},"end":{"line":4,"column":23}},"loc":{"start":{"line":4,"column":25},"end":{"line":6,"column":5}}}},"branchMap":{},"s":{"0":1,"1":0,"2":0,"3":1},"f":{"0":0,"1":0},"b":{}}
,"/Users/jamythluk/Desktop/Work/project/util/src/hooks/useForceUpdate.ts": {"path":"/Users/jamythluk/Desktop/Work/project/util/src/hooks/useForceUpdate.ts","statementMap":{"0":{"start":{"line":1,"column":0},"end":{"line":1,"column":26}},"1":{"start":{"line":4,"column":25},"end":{"line":4,"column":46}},"2":{"start":{"line":5,"column":4},"end":{"line":5,"column":53}},"3":{"start":{"line":5,"column":35},"end":{"line":5,"column":47}},"4":{"start":{"line":3,"column":0},"end":{"line":3,"column":16}}},"fnMap":{"0":{"name":"useForceUpdate","decl":{"start":{"line":3,"column":16},"end":{"line":3,"column":30}},"loc":{"start":{"line":3,"column":30},"end":{"line":6,"column":1}}},"1":{"name":"(anonymous_2)","decl":{"start":{"line":5,"column":29},"end":{"line":5,"column":32}},"loc":{"start":{"line":5,"column":35},"end":{"line":5,"column":47}}}},"branchMap":{},"s":{"0":1,"1":0,"2":0,"3":0,"4":1},"f":{"0":0,"1":0},"b":{}}
,"/Users/jamythluk/Desktop/Work/project/util/src/hooks/usePrevious.ts": {"path":"/Users/jamythluk/Desktop/Work/project/util/src/hooks/usePrevious.ts","statementMap":{"0":{"start":{"line":1,"column":0},"end":{"line":1,"column":26}},"1":{"start":{"line":4,"column":16},"end":{"line":4,"column":35}},"2":{"start":{"line":5,"column":4},"end":{"line":7,"column":16}},"3":{"start":{"line":6,"column":8},"end":{"line":6,"column":28}},"4":{"start":{"line":8,"column":4},"end":{"line":8,"column":23}},"5":{"start":{"line":3,"column":0},"end":{"line":3,"column":16}}},"fnMap":{"0":{"name":"usePrevious","decl":{"start":{"line":3,"column":16},"end":{"line":3,"column":27}},"loc":{"start":{"line":3,"column":39},"end":{"line":9,"column":1}}},"1":{"name":"(anonymous_2)","decl":{"start":{"line":5,"column":20},"end":{"line":5,"column":23}},"loc":{"start":{"line":5,"column":25},"end":{"line":7,"column":5}}}},"branchMap":{},"s":{"0":1,"1":0,"2":0,"3":0,"4":0,"5":1},"f":{"0":0,"1":0},"b":{}}
,"/Users/jamythluk/Desktop/Work/project/util/src/hooks/useWhyDidYouUpdate.ts": {"path":"/Users/jamythluk/Desktop/Work/project/util/src/hooks/useWhyDidYouUpdate.ts","statementMap":{"0":{"start":{"line":1,"column":0},"end":{"line":1,"column":26}},"1":{"start":{"line":3,"column":13},"end":{"line":4,"column":75}},"2":{"start":{"line":26,"column":22},"end":{"line":26,"column":39}},"3":{"start":{"line":28,"column":4},"end":{"line":59,"column":7}},"4":{"start":{"line":29,"column":8},"end":{"line":55,"column":null}},"5":{"start":{"line":31,"column":86},"end":{"line":31,"column":88}},"6":{"start":{"line":34,"column":13},"end":{"line":41,"column":15}},"7":{"start":{"line":37,"column":16},"end":{"line":40,"column":null}},"8":{"start":{"line":39,"column":20},"end":{"line":39,"column":88}},"9":{"start":{"line":44,"column":12},"end":{"line":54,"column":null}},"10":{"start":{"line":46,"column":16},"end":{"line":53,"column":18}},"11":{"start":{"line":58,"column":8},"end":{"line":58,"column":34}}},"fnMap":{"0":{"name":"(anonymous_1)","decl":{"start":{"line":4,"column":44},"end":{"line":4,"column":47}},"loc":{"start":{"line":4,"column":49},"end":{"line":4,"column":52}}},"1":{"name":"_useWhyDidYouUpdate","decl":{"start":{"line":24,"column":9},"end":{"line":24,"column":28}},"loc":{"start":{"line":24,"column":69},"end":{"line":60,"column":1}}},"2":{"name":"(anonymous_3)","decl":{"start":{"line":28,"column":20},"end":{"line":28,"column":23}},"loc":{"start":{"line":28,"column":25},"end":{"line":59,"column":5}}},"3":{"name":"(anonymous_4)","decl":{"start":{"line":34,"column":86},"end":{"line":34,"column":87}},"loc":{"start":{"line":34,"column":94},"end":{"line":41,"column":13}}}},"branchMap":{"0":{"loc":{"start":{"line":4,"column":4},"end":{"line":4,"column":74}},"type":"cond-expr","locations":[{"start":{"line":4,"column":44},"end":{"line":4,"column":52}},{"start":{"line":4,"column":55},"end":{"line":4,"column":74}}]},"1":{"loc":{"start":{"line":29,"column":8},"end":{"line":55,"column":null}},"type":"if","locations":[{"start":{"line":29,"column":8},"end":{"line":55,"column":null}}]},"2":{"loc":{"start":{"line":37,"column":16},"end":{"line":40,"column":null}},"type":"if","locations":[{"start":{"line":37,"column":16},"end":{"line":40,"column":null}}]},"3":{"loc":{"start":{"line":44,"column":12},"end":{"line":54,"column":null}},"type":"if","locations":[{"start":{"line":44,"column":12},"end":{"line":54,"column":null}}]}},"s":{"0":1,"1":1,"2":0,"3":0,"4":0,"5":0,"6":0,"7":0,"8":0,"9":0,"10":0,"11":0},"f":{"0":0,"1":0,"2":0,"3":0},"b":{"0":[0,1],"1":[0],"2":[0],"3":[0]}}
,"/Users/jamythluk/Desktop/Work/project/util/src/hooks/useWillUnmountEffect.ts": {"path":"/Users/jamythluk/Desktop/Work/project/util/src/hooks/useWillUnmountEffect.ts","statementMap":{"0":{"start":{"line":1,"column":0},"end":{"line":1,"column":26}},"1":{"start":{"line":4,"column":4},"end":{"line":6,"column":11}},"2":{"start":{"line":5,"column":8},"end":{"line":5,"column":27}},"3":{"start":{"line":3,"column":0},"end":{"line":3,"column":16}}},"fnMap":{"0":{"name":"useWillUnmountEffect","decl":{"start":{"line":3,"column":16},"end":{"line":3,"column":36}},"loc":{"start":{"line":3,"column":60},"end":{"line":7,"column":1}}},"1":{"name":"(anonymous_2)","decl":{"start":{"line":4,"column":20},"end":{"line":4,"column":23}},"loc":{"start":{"line":4,"column":25},"end":{"line":6,"column":5}}}},"branchMap":{},"s":{"0":1,"1":0,"2":0,"3":1},"f":{"0":0,"1":0},"b":{}}
}
