TN:
SF:src/index.ts
FNF:0
FNH:0
DA:1,2
DA:2,2
DA:3,2
DA:4,2
DA:5,2
DA:6,2
DA:7,2
DA:8,2
DA:9,2
DA:10,2
DA:11,2
DA:12,2
DA:13,2
DA:14,2
DA:15,2
DA:16,2
DA:17,2
DA:18,2
DA:36,2
DA:37,1
DA:38,1
DA:39,1
DA:40,1
DA:42,1
DA:43,1
DA:44,1
DA:45,1
DA:48,2
DA:50,2
DA:51,2
DA:52,1
DA:53,1
DA:54,1
DA:55,1
DA:56,1
DA:57,1
DA:58,1
DA:61,1
DA:62,1
DA:63,1
DA:64,1
DA:65,1
DA:66,1
DA:67,1
DA:68,1
LF:45
LH:45
BRDA:36,0,0,1
BRDA:36,0,1,1
BRDA:50,1,0,2
BRF:3
BRH:3
end_of_record
TN:
SF:src/core/ArrayUtil.ts
FN:1,sum
FN:2,(anonymous_1)
FN:5,sumByKey
FN:7,(anonymous_3)
FN:15,toggleElement
FN:26,areSame
FN:32,(anonymous_6)
FN:34,(anonymous_7)
FN:34,(anonymous_8)
FN:43,sortBy
FN:44,(anonymous_10)
FN:48,(anonymous_11)
FN:73,sortByKey
FN:78,(anonymous_13)
FN:82,(anonymous_14)
FN:83,(anonymous_15)
FN:84,(anonymous_16)
FN:102,chunk
FN:118,(anonymous_18)
FN:124,(anonymous_19)
FN:131,generate
FN:139,toObject
FN:144,(anonymous_22)
FN:151,hasIntersection
FN:152,(anonymous_24)
FN:160,compactMap
FN:164,(anonymous_26)
FN:168,range
FNF:28
FNH:28
FNDA:13,sum
FNDA:35,(anonymous_1)
FNDA:6,sumByKey
FNDA:10,(anonymous_3)
FNDA:5,toggleElement
FNDA:28,areSame
FNDA:18,(anonymous_6)
FNDA:34,(anonymous_7)
FNDA:24,(anonymous_8)
FNDA:27,sortBy
FNDA:43,(anonymous_10)
FNDA:119,(anonymous_11)
FNDA:13,sortByKey
FNDA:14,(anonymous_13)
FNDA:39,(anonymous_14)
FNDA:112,(anonymous_15)
FNDA:115,(anonymous_16)
FNDA:22,chunk
FNDA:15,(anonymous_18)
FNDA:44,(anonymous_19)
FNDA:6,generate
FNDA:5,toObject
FNDA:16,(anonymous_22)
FNDA:8,hasIntersection
FNDA:10,(anonymous_24)
FNDA:19,compactMap
FNDA:74,(anonymous_26)
FNDA:5,range
DA:2,35
DA:6,6
DA:7,10
DA:8,6
DA:16,5
DA:17,5
DA:18,3
DA:19,3
DA:20,3
DA:22,2
DA:27,28
DA:28,16
DA:31,12
DA:32,18
DA:34,34
DA:44,43
DA:45,27
DA:47,27
DA:48,23
DA:49,119
DA:50,119
DA:51,119
DA:52,17
DA:53,102
DA:55,5
DA:56,97
DA:58,8
DA:60,89
DA:64,4
DA:78,14
DA:79,13
DA:81,13
DA:82,10
DA:83,112
DA:84,115
DA:85,39
DA:86,3
DA:87,36
DA:89,3
DA:90,33
DA:92,2
DA:94,31
DA:98,3
DA:104,22
DA:105,14
DA:106,14
DA:107,3
DA:109,11
DA:111,8
DA:112,8
DA:113,8
DA:114,2
DA:118,15
DA:119,2
DA:122,15
DA:123,15
DA:124,15
DA:125,44
DA:126,44
DA:128,15
DA:132,6
DA:133,6
DA:134,6
DA:136,6
DA:143,5
DA:144,5
DA:145,16
DA:146,16
DA:148,5
DA:152,10
DA:161,19
DA:164,74
DA:169,5
DA:170,5
DA:171,10
DA:173,5
DA:176,3
LF:77
LH:77
BRDA:7,0,0,10
BRDA:7,0,1,3
BRDA:17,1,0,3
BRDA:17,1,1,2
BRDA:27,2,0,16
BRDA:31,3,0,6
BRDA:31,3,1,6
BRDA:34,4,0,6
BRDA:34,4,1,4
BRDA:47,5,0,23
BRDA:47,5,1,4
BRDA:51,6,0,17
BRDA:51,6,1,102
BRDA:51,7,0,119
BRDA:51,7,1,22
BRDA:53,8,0,5
BRDA:53,8,1,97
BRDA:56,9,0,8
BRDA:56,9,1,89
BRDA:81,10,0,10
BRDA:81,10,1,3
BRDA:85,11,0,3
BRDA:85,11,1,36
BRDA:85,12,0,39
BRDA:85,12,1,6
BRDA:87,13,0,3
BRDA:87,13,1,33
BRDA:90,14,0,2
BRDA:90,14,1,31
BRDA:104,15,0,14
BRDA:104,15,1,8
BRDA:106,16,0,3
BRDA:106,17,0,14
BRDA:106,17,1,12
BRDA:113,18,0,2
BRDA:118,19,0,2
BRDA:118,20,0,15
BRDA:118,20,1,14
BRDA:134,21,0,2
BRDA:134,21,1,4
BRDA:164,22,0,74
BRDA:164,22,1,69
BRDA:164,22,2,65
BRDA:164,22,3,31
BRDA:168,23,0,2
BRF:45
BRH:45
end_of_record
TN:
SF:src/core/DateUtil.ts
FN:3,daysBeforeToday
FN:10,daysAfterToday
FN:17,today
FN:21,daysBefore
FN:28,daysAfter
FN:35,someday
FN:44,parse
FN:49,format
FN:88,isSameMinute
FN:92,dateRelativeTo
FN:104,dayDiff
FNF:11
FNH:11
FNDA:4,daysBeforeToday
FNDA:4,daysAfterToday
FNDA:2,today
FNDA:4,daysBefore
FNDA:4,daysAfter
FNDA:4,someday
FNDA:29,parse
FNDA:15,format
FNDA:6,isSameMinute
FNDA:14,dateRelativeTo
FNDA:20,dayDiff
DA:4,4
DA:5,2
DA:7,2
DA:11,4
DA:12,2
DA:14,2
DA:18,2
DA:22,4
DA:23,2
DA:25,2
DA:29,4
DA:30,2
DA:32,2
DA:36,4
DA:45,29
DA:46,29
DA:61,15
DA:62,11
DA:63,11
DA:64,11
DA:65,11
DA:66,11
DA:68,2
DA:70,2
DA:72,2
DA:74,2
DA:76,1
DA:78,1
DA:80,1
DA:82,0
DA:85,4
DA:89,6
DA:93,14
DA:105,20
DA:106,20
DA:107,20
DA:108,3
DA:110,17
DA:111,1
DA:115,16
DA:116,16
DA:117,16
DA:119,16
DA:122,3
LF:44
LH:43
BRDA:4,0,0,2
BRDA:11,1,0,2
BRDA:22,2,0,2
BRDA:29,3,0,2
BRDA:46,4,0,8
BRDA:46,4,1,21
BRDA:51,5,0,3
BRDA:61,6,0,11
BRDA:66,7,0,2
BRDA:66,7,1,2
BRDA:66,7,2,2
BRDA:66,7,3,2
BRDA:66,7,4,1
BRDA:66,7,5,1
BRDA:66,7,6,1
BRDA:66,7,7,0
BRDA:93,8,0,7
BRDA:93,8,1,7
BRDA:105,9,0,12
BRDA:105,9,1,8
BRDA:106,10,0,12
BRDA:106,10,1,8
BRDA:107,11,0,3
BRDA:110,12,0,1
BRF:24
BRH:23
end_of_record
TN:
SF:src/core/DistributionGenerator.ts
FN:28,(anonymous_0)
FN:3,(anonymous_1)
FN:36,(anonymous_2)
FNF:3
FNH:3
FNDA:1,(anonymous_0)
FNDA:3003,(anonymous_1)
FNDA:2002,(anonymous_2)
DA:1,3
DA:4,3003
DA:5,3003
DA:6,3003
DA:7,3003
DA:9,3003
DA:10,3003
DA:12,3003
DA:13,3003
DA:14,3003
DA:15,0
DA:17,3003
DA:18,3003
DA:19,3003
DA:29,1
DA:30,1
DA:31,1
DA:32,1
DA:33,1
DA:38,2002
DA:41,2002
DA:43,2002
DA:44,2002
DA:45,1000
DA:46,1000
DA:48,1002
DA:49,1002
DA:52,2002
LF:28
LH:27
BRDA:14,0,0,0
BRDA:14,1,0,3003
BRDA:14,1,1,3003
BRDA:44,2,0,1000
BRDA:44,2,1,1002
BRF:5
BRH:4
end_of_record
TN:
SF:src/core/EnumUtil.ts
FN:6,toRecord
FN:11,(anonymous_1)
FN:15,toArray
FN:19,fromValue
FNF:4
FNH:4
FNDA:4,toRecord
FNDA:12,(anonymous_1)
FNDA:8,toArray
FNDA:13,fromValue
DA:10,4
DA:11,12
DA:12,4
DA:16,8
DA:23,13
DA:24,4
DA:26,9
DA:29,3
LF:8
LH:8
BRDA:23,0,0,4
BRF:1
BRH:1
end_of_record
TN:
SF:src/core/ErrorUtil.ts
FN:5,serialize
FN:13,(anonymous_1)
FNF:2
FNH:1
FNDA:7,serialize
FNDA:0,(anonymous_1)
DA:6,7
DA:7,4
DA:8,4
DA:9,1
DA:12,0
DA:13,0
DA:15,1
DA:17,3
DA:18,1
DA:20,2
DA:23,0
DA:26,3
DA:30,3
LF:13
LH:10
BRDA:6,0,0,4
BRDA:6,0,1,3
BRDA:6,1,0,7
BRDA:6,1,1,6
BRDA:6,1,2,5
BRDA:8,2,0,1
BRDA:8,2,1,3
BRDA:9,3,0,0
BRDA:9,3,1,1
BRDA:17,4,0,1
BRDA:17,4,1,2
BRF:11
BRH:10
end_of_record
TN:
SF:src/core/HashUtil.ts
FN:1,toInteger
FNF:1
FNH:1
FNDA:2965,toInteger
DA:4,2965
DA:5,2965
DA:6,11860
DA:7,11860
DA:8,11860
DA:10,2965
DA:13,4
LF:7
LH:7
BRF:0
BRH:0
end_of_record
TN:
SF:src/core/IDGenerator.ts
FN:1,(anonymous_0)
FN:7,(anonymous_1)
FNF:2
FNH:0
FNDA:0,(anonymous_0)
FNDA:0,(anonymous_1)
DA:1,2
DA:2,0
DA:8,0
LF:3
LH:1
BRF:0
BRH:0
end_of_record
TN:
SF:src/core/NumberUtil.ts
FN:1,clamp
FN:8,max
FN:9,(anonymous_2)
FN:12,min
FN:13,(anonymous_4)
FN:19,formatWithComma
FN:35,safeNumber
FN:39,rounding
FN:74,roundingToString
FNF:9
FNH:8
FNDA:9,clamp
FNDA:7,max
FNDA:15,(anonymous_2)
FNDA:7,min
FNDA:15,(anonymous_4)
FNDA:13,formatWithComma
FNDA:0,safeNumber
FNDA:37,rounding
FNDA:16,roundingToString
DA:2,9
DA:3,3
DA:5,6
DA:9,15
DA:13,15
DA:20,13
DA:21,10
DA:22,10
DA:23,10
DA:25,3
DA:36,0
DA:40,37
DA:41,4
DA:43,33
DA:44,0
DA:61,33
DA:63,33
DA:64,33
DA:66,27
DA:67,27
DA:68,27
DA:69,27
DA:71,6
DA:75,16
DA:78,3
LF:25
LH:23
BRDA:2,0,0,3
BRDA:9,1,0,5
BRDA:9,1,1,10
BRDA:9,2,0,15
BRDA:9,2,1,12
BRDA:13,3,0,5
BRDA:13,3,1,10
BRDA:13,4,0,15
BRDA:13,4,1,12
BRDA:20,5,0,10
BRDA:20,5,1,3
BRDA:20,6,0,13
BRDA:20,6,1,12
BRDA:40,7,0,4
BRDA:40,8,0,37
BRDA:40,8,1,35
BRDA:40,8,2,33
BRDA:43,9,0,0
BRDA:63,10,0,0
BRDA:63,10,1,33
BRDA:63,11,0,33
BRDA:63,11,1,0
BRDA:64,12,0,27
BRF:23
BRH:20
end_of_record
TN:
SF:src/core/ObjectUtil.ts
FN:3,firstKey
FN:13,safeAssign
FN:29,toObject
FN:34,(anonymous_3)
FN:49,toArray
FN:55,(anonymous_5)
FN:68,forEach
FN:87,findKey
FN:89,(anonymous_8)
FN:98,isEmpty
FN:106,deepClone
FN:107,(anonymous_11)
FN:124,(anonymous_12)
FN:145,sortByKeys
FN:147,(anonymous_14)
FN:163,(anonymous_15)
FNF:16
FNH:16
FNDA:3,firstKey
FNDA:16,safeAssign
FNDA:5,toObject
FNDA:14,(anonymous_3)
FNDA:6,toArray
FNDA:24,(anonymous_5)
FNDA:8,forEach
FNDA:5,findKey
FNDA:16,(anonymous_8)
FNDA:2,isEmpty
FNDA:5,deepClone
FNDA:44,(anonymous_11)
FNDA:12,(anonymous_12)
FNDA:4,sortByKeys
FNDA:21,(anonymous_14)
FNDA:16,(anonymous_15)
DA:4,3
DA:5,3
DA:17,16
DA:18,14
DA:20,2
DA:33,5
DA:34,5
DA:35,14
DA:36,13
DA:37,13
DA:41,5
DA:53,6
DA:54,6
DA:56,24
DA:58,6
DA:72,8
DA:73,8
DA:74,22
DA:75,22
DA:76,5
DA:88,5
DA:89,5
DA:90,16
DA:91,3
DA:92,3
DA:95,5
DA:99,2
DA:107,5
DA:108,44
DA:109,1
DA:114,43
DA:115,25
DA:119,18
DA:120,2
DA:123,16
DA:124,12
DA:127,11
DA:128,11
DA:130,11
DA:132,27
DA:133,27
DA:136,10
DA:139,0
DA:142,5
DA:146,4
DA:147,4
DA:148,21
DA:149,21
DA:150,21
DA:151,1
DA:152,20
DA:154,3
DA:155,17
DA:157,2
DA:159,15
DA:162,4
DA:163,16
DA:164,4
DA:167,3
LF:59
LH:58
BRDA:5,0,0,2
BRDA:5,0,1,1
BRDA:17,1,0,14
BRDA:17,1,1,2
BRDA:35,2,0,13
BRDA:56,3,0,24
BRDA:56,3,1,20
BRDA:75,4,0,5
BRDA:90,5,0,3
BRDA:107,6,0,39
BRDA:108,7,0,1
BRDA:108,8,0,44
BRDA:108,8,1,6
BRDA:114,9,0,25
BRDA:114,10,0,43
BRDA:114,10,1,39
BRDA:119,11,0,2
BRDA:123,12,0,5
BRDA:127,13,0,11
BRDA:132,14,0,27
BRDA:150,15,0,1
BRDA:150,15,1,20
BRDA:150,16,0,21
BRDA:150,16,1,4
BRDA:152,17,0,3
BRDA:152,17,1,17
BRDA:155,18,0,2
BRDA:155,18,1,15
BRF:28
BRH:28
end_of_record
TN:
SF:src/core/PromiseUtil.ts
FN:1,sleep
FN:2,(anonymous_1)
FN:5,sleepThenResolve
FN:6,(anonymous_3)
FN:6,(anonymous_4)
FN:14,raceSuccess
FN:15,(anonymous_6)
FN:17,(anonymous_7)
FN:18,(anonymous_8)
FN:22,(anonymous_9)
FN:23,(anonymous_10)
FNF:11
FNH:6
FNDA:0,sleep
FNDA:0,(anonymous_1)
FNDA:0,sleepThenResolve
FNDA:0,(anonymous_3)
FNDA:0,(anonymous_4)
FNDA:2,raceSuccess
FNDA:8,(anonymous_6)
FNDA:3,(anonymous_7)
FNDA:4,(anonymous_8)
FNDA:1,(anonymous_9)
FNDA:1,(anonymous_10)
DA:2,0
DA:6,0
DA:15,2
DA:16,8
DA:17,3
DA:18,4
DA:21,2
DA:22,1
DA:23,1
DA:27,3
LF:10
LH:8
BRF:0
BRH:0
end_of_record
TN:
SF:src/core/RandomUtil.ts
FN:3,fromArray
FN:8,integerBetween
FN:12,pickItemByHash
FNF:3
FNH:3
FNDA:301,fromArray
FNDA:300,integerBetween
FNDA:1969,pickItemByHash
DA:1,3
DA:4,301
DA:5,301
DA:9,300
DA:13,1969
DA:14,1
DA:16,1968
DA:17,1968
DA:20,3
LF:9
LH:9
BRDA:5,0,0,300
BRDA:5,0,1,1
BRDA:13,1,0,1
BRF:3
BRH:3
end_of_record
TN:
SF:src/core/ReactUtil.tsx
FN:3,joinNodes
FN:9,(anonymous_2)
FN:28,interpolateNode
FN:30,(anonymous_4)
FN:48,memo
FN:62,statics
FN:68,(anonymous_7)
FN:71,(anonymous_8)
FN:74,(anonymous_9)
FNF:9
FNH:4
FNDA:0,joinNodes
FNDA:0,(anonymous_2)
FNDA:0,interpolateNode
FNDA:0,(anonymous_4)
FNDA:8,memo
FNDA:3,statics
FNDA:9,(anonymous_7)
FNDA:0,(anonymous_8)
FNDA:22,(anonymous_9)
DA:1,3
DA:9,0
DA:10,0
DA:15,0
DA:16,0
DA:17,0
DA:19,0
DA:29,0
DA:30,0
DA:31,0
DA:32,0
DA:34,0
DA:49,8
DA:67,3
DA:68,3
DA:69,9
DA:70,1
DA:71,1
DA:73,8
DA:74,8
DA:75,22
DA:77,8
DA:80,3
DA:83,2
LF:24
LH:13
BRDA:6,0,0,0
BRDA:12,1,0,0
BRDA:12,1,1,0
BRDA:15,2,0,0
BRDA:69,3,0,1
BRDA:69,3,1,8
BRF:6
BRH:2
end_of_record
TN:
SF:src/core/TextUtil.ts
FN:1,truncate
FN:20,splitByLength
FN:28,interpolate
FN:36,stripHTML
FN:37,(anonymous_4)
FN:41,(anonymous_5)
FNF:6
FNH:6
FNDA:13,truncate
FNDA:11,splitByLength
FNDA:3,interpolate
FNDA:5,stripHTML
FNDA:5,(anonymous_4)
FNDA:14,(anonymous_5)
DA:9,13
DA:10,4
DA:12,9
DA:13,9
DA:21,11
DA:22,2
DA:24,9
DA:25,9
DA:29,3
DA:30,3
DA:31,8
DA:33,3
DA:37,5
DA:38,5
DA:41,14
DA:46,5
DA:49,3
LF:17
LH:17
BRDA:1,0,0,6
BRDA:9,1,0,4
BRDA:9,2,0,13
BRDA:9,2,1,11
BRDA:13,3,0,4
BRDA:13,3,1,5
BRDA:21,4,0,2
BRDA:21,5,0,11
BRDA:21,5,1,10
BRDA:25,6,0,8
BRDA:25,6,1,1
BRF:11
BRH:11
end_of_record
TN:
SF:src/core/URLUtil.ts
FN:11,transformOriginPrefix
FNF:1
FNH:1
FNDA:42,transformOriginPrefix
DA:17,42
DA:18,2
DA:21,40
DA:22,40
DA:23,5
DA:26,35
DA:27,35
DA:28,3
DA:31,32
DA:32,32
DA:33,8
DA:34,8
DA:35,8
DA:36,1
DA:37,7
DA:39,4
DA:40,4
DA:41,4
DA:43,3
DA:46,24
DA:47,24
DA:48,2
DA:52,25
DA:53,25
DA:54,17
DA:56,8
DA:60,3
LF:27
LH:27
BRDA:17,0,0,2
BRDA:22,1,0,5
BRDA:27,2,0,3
BRDA:32,3,0,8
BRDA:32,3,1,24
BRDA:35,4,0,1
BRDA:35,4,1,7
BRDA:37,5,0,4
BRDA:37,5,1,3
BRDA:41,6,0,3
BRDA:41,6,1,1
BRDA:47,7,0,2
BRDA:53,8,0,17
BRDA:53,8,1,8
BRDA:54,9,0,17
BRDA:54,9,1,14
BRDA:54,10,0,14
BRDA:54,10,1,3
BRF:18
BRH:18
end_of_record
TN:
SF:src/core/VersionComparator.ts
FN:11,compare
FNF:1
FNH:1
FNDA:39,compare
DA:12,39
DA:13,39
DA:14,2
DA:16,37
DA:17,7
DA:20,30
DA:25,30
DA:31,30
DA:32,6
DA:33,24
DA:34,4
DA:37,20
DA:38,1
DA:39,19
DA:40,6
DA:43,13
DA:44,4
DA:47,9
DA:50,3
LF:19
LH:19
BRDA:13,0,0,2
BRDA:16,1,0,7
BRDA:20,2,0,5
BRDA:25,3,0,5
BRDA:31,4,0,6
BRDA:31,4,1,24
BRDA:33,5,0,4
BRDA:37,6,0,1
BRDA:37,6,1,19
BRDA:39,7,0,6
BRDA:43,8,0,4
BRF:11
BRH:11
end_of_record
TN:
SF:src/decorator/Memo.ts
FN:9,(anonymous_0)
FN:10,Memo
FN:11,(anonymous_2)
FN:21,(anonymous_3)
FNF:4
FNH:4
FNDA:23,(anonymous_0)
FNDA:2,Memo
FNDA:2,(anonymous_2)
FNDA:23,(anonymous_3)
DA:9,23
DA:10,3
DA:11,2
DA:17,2
DA:19,2
DA:20,2
DA:21,2
DA:22,23
DA:23,23
DA:24,3
DA:26,23
DA:28,2
LF:12
LH:12
BRDA:9,0,0,23
BRDA:9,0,1,0
BRDA:10,1,0,2
BRDA:17,2,0,2
BRDA:17,2,1,0
BRDA:23,3,0,3
BRDA:28,4,0,2
BRDA:28,4,1,0
BRF:8
BRH:5
end_of_record
TN:
SF:src/decorator/Throttle.ts
FN:8,Throttle
FN:9,(anonymous_1)
FN:19,(anonymous_2)
FNF:3
FNH:3
FNDA:1,Throttle
FNDA:1,(anonymous_1)
FNDA:6,(anonymous_2)
DA:8,3
DA:9,1
DA:15,1
DA:17,1
DA:18,1
DA:19,1
DA:20,6
DA:21,6
DA:22,2
DA:23,2
DA:26,1
LF:11
LH:11
BRDA:15,0,0,1
BRDA:15,0,1,0
BRDA:21,1,0,2
BRDA:26,2,0,1
BRDA:26,2,1,0
BRF:5
BRH:3
end_of_record
TN:
SF:src/hooks/useAPI.ts
FN:12,reducer
FN:24,useAPI
FN:33,(anonymous_3)
FN:37,(anonymous_4)
FN:39,(anonymous_5)
FNF:5
FNH:0
FNDA:0,reducer
FNDA:0,useAPI
FNDA:0,(anonymous_3)
FNDA:0,(anonymous_4)
FNDA:0,(anonymous_5)
DA:1,1
DA:16,0
DA:18,0
DA:20,0
DA:24,1
DA:28,0
DA:32,0
DA:33,0
DA:37,0
DA:38,0
DA:39,0
DA:43,0
LF:12
LH:2
BRDA:16,0,0,0
BRDA:16,0,1,0
BRF:2
BRH:0
end_of_record
TN:
SF:src/hooks/useBool.ts
FN:12,useBool
FN:14,(anonymous_2)
FN:15,(anonymous_3)
FNF:3
FNH:0
FNDA:0,useBool
FNDA:0,(anonymous_2)
FNDA:0,(anonymous_3)
DA:1,1
DA:12,1
DA:13,0
DA:14,0
DA:15,0
DA:17,0
LF:6
LH:2
BRDA:12,0,0,0
BRF:1
BRH:0
end_of_record
TN:
SF:src/hooks/useDidMountEffect.ts
FN:3,useDidMountEffect
FN:4,(anonymous_2)
FNF:2
FNH:0
FNDA:0,useDidMountEffect
FNDA:0,(anonymous_2)
DA:1,1
DA:3,1
DA:4,0
DA:5,0
LF:4
LH:2
BRF:0
BRH:0
end_of_record
TN:
SF:src/hooks/useForceUpdate.ts
FN:3,useForceUpdate
FN:5,(anonymous_2)
FNF:2
FNH:0
FNDA:0,useForceUpdate
FNDA:0,(anonymous_2)
DA:1,1
DA:3,1
DA:4,0
DA:5,0
LF:4
LH:2
BRF:0
BRH:0
end_of_record
TN:
SF:src/hooks/usePrevious.ts
FN:3,usePrevious
FN:5,(anonymous_2)
FNF:2
FNH:0
FNDA:0,usePrevious
FNDA:0,(anonymous_2)
DA:1,1
DA:3,1
DA:4,0
DA:5,0
DA:6,0
DA:8,0
LF:6
LH:2
BRF:0
BRH:0
end_of_record
TN:
SF:src/hooks/useWhyDidYouUpdate.ts
FN:4,(anonymous_1)
FN:24,_useWhyDidYouUpdate
FN:28,(anonymous_3)
FN:34,(anonymous_4)
FNF:4
FNH:0
FNDA:0,(anonymous_1)
FNDA:0,_useWhyDidYouUpdate
FNDA:0,(anonymous_3)
FNDA:0,(anonymous_4)
DA:1,1
DA:3,1
DA:26,0
DA:28,0
DA:29,0
DA:31,0
DA:34,0
DA:37,0
DA:39,0
DA:44,0
DA:46,0
DA:58,0
LF:12
LH:2
BRDA:4,0,0,0
BRDA:4,0,1,1
BRDA:29,1,0,0
BRDA:37,2,0,0
BRDA:44,3,0,0
BRF:5
BRH:1
end_of_record
TN:
SF:src/hooks/useWillUnmountEffect.ts
FN:3,useWillUnmountEffect
FN:4,(anonymous_2)
FNF:2
FNH:0
FNDA:0,useWillUnmountEffect
FNDA:0,(anonymous_2)
DA:1,1
DA:3,1
DA:4,0
DA:5,0
LF:4
LH:2
BRF:0
BRH:0
end_of_record
TN:
SF:src/web/BrowserUtil.ts
FN:10,os
FN:26,kernel
FN:43,isMobile
FN:48,removeElement
FN:59,scrollTo
FN:84,newTab
FN:89,(anonymous_6)
FN:99,isDarkTheme
FNF:8
FNH:0
FNDA:0,os
FNDA:0,kernel
FNDA:0,isMobile
FNDA:0,removeElement
FNDA:0,scrollTo
FNDA:0,newTab
FNDA:0,(anonymous_6)
FNDA:0,isDarkTheme
DA:11,0
DA:13,0
DA:14,0
DA:16,0
DA:17,0
DA:18,0
DA:19,0
DA:20,0
DA:22,0
DA:27,0
DA:28,0
DA:29,0
DA:30,0
DA:31,0
DA:32,0
DA:34,0
DA:35,0
DA:37,0
DA:39,0
DA:44,0
DA:45,0
DA:49,0
DA:50,0
DA:51,0
DA:54,0
DA:60,0
DA:61,0
DA:62,0
DA:63,0
DA:65,0
DA:68,0
DA:72,0
DA:73,0
DA:75,0
DA:86,0
DA:87,0
DA:89,0
DA:92,0
DA:93,0
DA:95,0
DA:100,0
DA:103,1
LF:42
LH:1
BRDA:11,0,0,0
BRDA:11,0,1,0
BRDA:14,1,0,0
BRDA:14,1,1,0
BRDA:17,2,0,0
BRDA:17,2,1,0
BRDA:19,3,0,0
BRDA:19,3,1,0
BRDA:28,4,0,0
BRDA:28,4,1,0
BRDA:30,5,0,0
BRDA:30,5,1,0
BRDA:32,6,0,0
BRDA:32,6,1,0
BRDA:32,7,0,0
BRDA:32,7,1,0
BRDA:35,8,0,0
BRDA:35,8,1,0
BRDA:45,9,0,0
BRDA:45,9,1,0
BRDA:49,10,0,0
BRDA:54,11,0,0
BRDA:54,11,1,0
BRDA:54,12,0,0
BRDA:54,12,1,0
BRDA:59,13,0,0
BRDA:60,14,0,0
BRDA:60,14,1,0
BRDA:61,15,0,0
BRDA:61,15,1,0
BRDA:84,16,0,0
BRDA:86,17,0,0
BRDA:93,18,0,0
BRDA:100,19,0,0
BRDA:100,19,1,0
BRF:35
BRH:0
end_of_record
TN:
SF:src/web/ClipboardUtil.ts
FN:1,copyText
FN:38,copyImage
FN:47,(anonymous_10)
FNF:3
FNH:0
FNDA:0,copyText
FNDA:0,copyImage
FNDA:0,(anonymous_10)
DA:2,0
DA:3,0
DA:4,0
DA:5,0
DA:6,0
DA:7,0
DA:10,0
DA:11,0
DA:13,0
DA:14,0
DA:15,0
DA:17,0
DA:18,0
DA:19,0
DA:39,0
DA:40,0
DA:41,0
DA:43,0
DA:45,0
DA:47,0
DA:48,0
DA:49,0
DA:50,0
DA:51,0
DA:53,0
DA:57,1
LF:26
LH:1
BRDA:11,0,0,0
BRDA:11,0,1,0
BRDA:11,1,0,0
BRDA:11,1,1,0
BRDA:17,2,0,0
BRDA:17,3,0,0
BRDA:17,3,1,0
BRDA:39,4,0,0
BRDA:39,4,1,0
BRDA:39,5,0,0
BRDA:39,5,1,0
BRDA:41,6,0,0
BRF:12
BRH:0
end_of_record
TN:
SF:src/web/LocalStorageUtil.ts
FNF:0
FNH:0
DA:1,1
DA:3,1
LF:2
LH:2
BRF:0
BRH:0
end_of_record
TN:
SF:src/web/SessionStorageUtil.ts
FNF:0
FNH:0
DA:1,1
DA:3,1
LF:2
LH:2
BRF:0
BRH:0
end_of_record
TN:
SF:src/web/internal/StorageHelper.ts
FN:14,(anonymous_0)
FN:17,(anonymous_1)
FN:23,(anonymous_2)
FN:25,(anonymous_3)
FN:33,(anonymous_4)
FN:48,(anonymous_5)
FN:52,(anonymous_6)
FN:56,(anonymous_7)
FN:60,(anonymous_8)
FN:64,(anonymous_9)
FN:65,(anonymous_10)
FN:70,(anonymous_11)
FN:71,(anonymous_12)
FN:78,(anonymous_13)
FN:79,(anonymous_14)
FN:99,(anonymous_15)
FN:100,(anonymous_16)
FN:115,(anonymous_17)
FN:123,(anonymous_18)
FN:131,(anonymous_19)
FN:150,(anonymous_20)
FN:152,(anonymous_21)
FNF:22
FNH:1
FNDA:2,(anonymous_0)
FNDA:0,(anonymous_1)
FNDA:0,(anonymous_2)
FNDA:0,(anonymous_3)
FNDA:0,(anonymous_4)
FNDA:0,(anonymous_5)
FNDA:0,(anonymous_6)
FNDA:0,(anonymous_7)
FNDA:0,(anonymous_8)
FNDA:0,(anonymous_9)
FNDA:0,(anonymous_10)
FNDA:0,(anonymous_11)
FNDA:0,(anonymous_12)
FNDA:0,(anonymous_13)
FNDA:0,(anonymous_14)
FNDA:0,(anonymous_15)
FNDA:0,(anonymous_16)
FNDA:0,(anonymous_17)
FNDA:0,(anonymous_18)
FNDA:0,(anonymous_19)
FNDA:0,(anonymous_20)
FNDA:0,(anonymous_21)
DA:10,1
DA:11,1
DA:12,1
DA:14,2
DA:17,2
DA:18,0
DA:19,0
DA:20,0
DA:21,0
DA:22,0
DA:23,0
DA:25,0
DA:26,0
DA:27,0
DA:32,0
DA:33,0
DA:34,0
DA:35,0
DA:36,0
DA:41,0
DA:48,2
DA:49,0
DA:52,2
DA:53,0
DA:56,2
DA:57,0
DA:60,2
DA:61,0
DA:64,2
DA:65,0
DA:66,0
DA:67,0
DA:70,2
DA:71,0
DA:72,0
DA:73,0
DA:75,0
DA:78,2
DA:79,0
DA:80,0
DA:81,0
DA:82,0
DA:83,0
DA:84,0
DA:85,0
DA:86,0
DA:89,0
DA:90,0
DA:94,0
DA:96,0
DA:99,2
DA:100,0
DA:101,0
DA:102,0
DA:103,0
DA:104,0
DA:106,0
DA:109,0
DA:112,0
DA:115,2
DA:116,0
DA:117,0
DA:119,0
DA:124,0
DA:125,0
DA:136,0
DA:137,0
DA:138,0
DA:139,0
DA:140,0
DA:141,0
DA:144,0
DA:146,0
DA:152,0
LF:74
LH:14
BRDA:19,0,0,0
BRDA:19,0,1,0
BRDA:20,1,0,0
BRDA:20,1,1,0
BRDA:22,2,0,0
BRDA:22,2,1,0
BRDA:26,3,0,0
BRDA:34,4,0,0
BRDA:34,4,1,0
BRDA:35,5,0,0
BRDA:49,6,0,0
BRDA:49,6,1,0
BRDA:66,7,0,0
BRDA:66,7,1,0
BRDA:66,8,0,0
BRDA:66,8,1,0
BRDA:73,9,0,0
BRDA:73,9,1,0
BRDA:73,10,0,0
BRDA:73,10,1,0
BRDA:81,11,0,0
BRDA:82,12,0,0
BRDA:82,12,1,0
BRDA:84,13,0,0
BRDA:84,13,1,0
BRDA:85,14,0,0
BRDA:89,15,0,0
BRDA:103,16,0,0
BRDA:103,16,1,0
BRDA:138,17,0,0
BRDA:140,18,0,0
BRF:31
BRH:0
end_of_record
